<?xml version="1.0" encoding="UTF-8"?>
<testsuite xmlns:xsi="http://www.w3.org/2001/XMLSchema-instance" xsi:noNamespaceSchemaLocation="https://maven.apache.org/surefire/maven-surefire-plugin/xsd/surefire-test-report-3.0.xsd" version="3.0" name="runner.TestRunner" time="156.01" tests="16" errors="0" skipped="0" failures="1">
  <properties>
    <property name="java.specification.version" value="23"/>
    <property name="sun.jnu.encoding" value="UTF-8"/>
    <property name="java.class.path" value="/Users/rahulbalashanmugam/eclipse-workspace/Learning/Hybrid-Test-Case-2-Register-User/target/test-classes:/Users/rahulbalashanmugam/eclipse-workspace/Learning/Hybrid-Test-Case-2-Register-User/target/classes:/Users/rahulbalashanmugam/.m2/repository/org/seleniumhq/selenium/selenium-java/4.36.0/selenium-java-4.36.0.jar:/Users/rahulbalashanmugam/.m2/repository/org/seleniumhq/selenium/selenium-api/4.36.0/selenium-api-4.36.0.jar:/Users/rahulbalashanmugam/.m2/repository/org/jspecify/jspecify/1.0.0/jspecify-1.0.0.jar:/Users/rahulbalashanmugam/.m2/repository/org/seleniumhq/selenium/selenium-chrome-driver/4.36.0/selenium-chrome-driver-4.36.0.jar:/Users/rahulbalashanmugam/.m2/repository/com/google/auto/service/auto-service-annotations/1.1.1/auto-service-annotations-1.1.1.jar:/Users/rahulbalashanmugam/.m2/repository/org/seleniumhq/selenium/selenium-chromium-driver/4.36.0/selenium-chromium-driver-4.36.0.jar:/Users/rahulbalashanmugam/.m2/repository/org/seleniumhq/selenium/selenium-json/4.36.0/selenium-json-4.36.0.jar:/Users/rahulbalashanmugam/.m2/repository/org/seleniumhq/selenium/selenium-manager/4.36.0/selenium-manager-4.36.0.jar:/Users/rahulbalashanmugam/.m2/repository/org/seleniumhq/selenium/selenium-devtools-v138/4.36.0/selenium-devtools-v138-4.36.0.jar:/Users/rahulbalashanmugam/.m2/repository/org/seleniumhq/selenium/selenium-devtools-v139/4.36.0/selenium-devtools-v139-4.36.0.jar:/Users/rahulbalashanmugam/.m2/repository/org/seleniumhq/selenium/selenium-devtools-v140/4.36.0/selenium-devtools-v140-4.36.0.jar:/Users/rahulbalashanmugam/.m2/repository/org/seleniumhq/selenium/selenium-edge-driver/4.36.0/selenium-edge-driver-4.36.0.jar:/Users/rahulbalashanmugam/.m2/repository/org/seleniumhq/selenium/selenium-firefox-driver/4.36.0/selenium-firefox-driver-4.36.0.jar:/Users/rahulbalashanmugam/.m2/repository/org/seleniumhq/selenium/selenium-http/4.36.0/selenium-http-4.36.0.jar:/Users/rahulbalashanmugam/.m2/repository/org/seleniumhq/selenium/selenium-ie-driver/4.36.0/selenium-ie-driver-4.36.0.jar:/Users/rahulbalashanmugam/.m2/repository/org/seleniumhq/selenium/selenium-remote-driver/4.36.0/selenium-remote-driver-4.36.0.jar:/Users/rahulbalashanmugam/.m2/repository/com/google/guava/guava/33.5.0-jre/guava-33.5.0-jre.jar:/Users/rahulbalashanmugam/.m2/repository/com/google/guava/failureaccess/1.0.3/failureaccess-1.0.3.jar:/Users/rahulbalashanmugam/.m2/repository/com/google/guava/listenablefuture/9999.0-empty-to-avoid-conflict-with-guava/listenablefuture-9999.0-empty-to-avoid-conflict-with-guava.jar:/Users/rahulbalashanmugam/.m2/repository/com/google/j2objc/j2objc-annotations/3.1/j2objc-annotations-3.1.jar:/Users/rahulbalashanmugam/.m2/repository/io/opentelemetry/opentelemetry-api/1.54.0/opentelemetry-api-1.54.0.jar:/Users/rahulbalashanmugam/.m2/repository/io/opentelemetry/opentelemetry-context/1.54.0/opentelemetry-context-1.54.0.jar:/Users/rahulbalashanmugam/.m2/repository/io/opentelemetry/opentelemetry-common/1.54.0/opentelemetry-common-1.54.0.jar:/Users/rahulbalashanmugam/.m2/repository/io/opentelemetry/opentelemetry-exporter-logging/1.54.0/opentelemetry-exporter-logging-1.54.0.jar:/Users/rahulbalashanmugam/.m2/repository/io/opentelemetry/opentelemetry-sdk-common/1.54.0/opentelemetry-sdk-common-1.54.0.jar:/Users/rahulbalashanmugam/.m2/repository/io/opentelemetry/opentelemetry-sdk-extension-autoconfigure-spi/1.54.0/opentelemetry-sdk-extension-autoconfigure-spi-1.54.0.jar:/Users/rahulbalashanmugam/.m2/repository/io/opentelemetry/opentelemetry-sdk-extension-autoconfigure/1.54.0/opentelemetry-sdk-extension-autoconfigure-1.54.0.jar:/Users/rahulbalashanmugam/.m2/repository/io/opentelemetry/opentelemetry-sdk-trace/1.54.0/opentelemetry-sdk-trace-1.54.0.jar:/Users/rahulbalashanmugam/.m2/repository/io/opentelemetry/opentelemetry-sdk/1.54.0/opentelemetry-sdk-1.54.0.jar:/Users/rahulbalashanmugam/.m2/repository/io/opentelemetry/opentelemetry-sdk-metrics/1.54.0/opentelemetry-sdk-metrics-1.54.0.jar:/Users/rahulbalashanmugam/.m2/repository/io/opentelemetry/opentelemetry-sdk-logs/1.54.0/opentelemetry-sdk-logs-1.54.0.jar:/Users/rahulbalashanmugam/.m2/repository/net/bytebuddy/byte-buddy/1.17.7/byte-buddy-1.17.7.jar:/Users/rahulbalashanmugam/.m2/repository/org/seleniumhq/selenium/selenium-os/4.36.0/selenium-os-4.36.0.jar:/Users/rahulbalashanmugam/.m2/repository/org/apache/commons/commons-exec/1.5.0/commons-exec-1.5.0.jar:/Users/rahulbalashanmugam/.m2/repository/org/seleniumhq/selenium/selenium-safari-driver/4.36.0/selenium-safari-driver-4.36.0.jar:/Users/rahulbalashanmugam/.m2/repository/org/seleniumhq/selenium/selenium-support/4.36.0/selenium-support-4.36.0.jar:/Users/rahulbalashanmugam/.m2/repository/io/github/bonigarcia/webdrivermanager/6.2.0/webdrivermanager-6.2.0.jar:/Users/rahulbalashanmugam/.m2/repository/org/slf4j/slf4j-api/2.0.17/slf4j-api-2.0.17.jar:/Users/rahulbalashanmugam/.m2/repository/com/google/code/gson/gson/2.13.1/gson-2.13.1.jar:/Users/rahulbalashanmugam/.m2/repository/com/google/errorprone/error_prone_annotations/2.38.0/error_prone_annotations-2.38.0.jar:/Users/rahulbalashanmugam/.m2/repository/com/github/docker-java/docker-java/3.5.3/docker-java-3.5.3.jar:/Users/rahulbalashanmugam/.m2/repository/com/github/docker-java/docker-java-core/3.5.3/docker-java-core-3.5.3.jar:/Users/rahulbalashanmugam/.m2/repository/com/github/docker-java/docker-java-api/3.5.3/docker-java-api-3.5.3.jar:/Users/rahulbalashanmugam/.m2/repository/com/fasterxml/jackson/core/jackson-annotations/2.18.4/jackson-annotations-2.18.4.jar:/Users/rahulbalashanmugam/.m2/repository/com/fasterxml/jackson/core/jackson-databind/2.18.4/jackson-databind-2.18.4.jar:/Users/rahulbalashanmugam/.m2/repository/com/fasterxml/jackson/core/jackson-core/2.18.4/jackson-core-2.18.4.jar:/Users/rahulbalashanmugam/.m2/repository/org/slf4j/jcl-over-slf4j/1.7.30/jcl-over-slf4j-1.7.30.jar:/Users/rahulbalashanmugam/.m2/repository/com/github/docker-java/docker-java-transport-httpclient5/3.5.3/docker-java-transport-httpclient5-3.5.3.jar:/Users/rahulbalashanmugam/.m2/repository/com/github/docker-java/docker-java-transport/3.5.3/docker-java-transport-3.5.3.jar:/Users/rahulbalashanmugam/.m2/repository/net/java/dev/jna/jna/5.17.0/jna-5.17.0.jar:/Users/rahulbalashanmugam/.m2/repository/org/brotli/dec/0.1.2/dec-0.1.2.jar:/Users/rahulbalashanmugam/.m2/repository/org/apache/commons/commons-lang3/3.18.0/commons-lang3-3.18.0.jar:/Users/rahulbalashanmugam/.m2/repository/org/apache/commons/commons-compress/1.27.1/commons-compress-1.27.1.jar:/Users/rahulbalashanmugam/.m2/repository/commons-codec/commons-codec/1.17.1/commons-codec-1.17.1.jar:/Users/rahulbalashanmugam/.m2/repository/org/apache/httpcomponents/client5/httpclient5/5.4.3/httpclient5-5.4.3.jar:/Users/rahulbalashanmugam/.m2/repository/org/apache/httpcomponents/core5/httpcore5/5.3.4/httpcore5-5.3.4.jar:/Users/rahulbalashanmugam/.m2/repository/org/apache/httpcomponents/core5/httpcore5-h2/5.3.4/httpcore5-h2-5.3.4.jar:/Users/rahulbalashanmugam/.m2/repository/net/java/dev/jna/jna-platform/5.17.0/jna-platform-5.17.0.jar:/Users/rahulbalashanmugam/.m2/repository/io/cucumber/cucumber-testng/7.29.0/cucumber-testng-7.29.0.jar:/Users/rahulbalashanmugam/.m2/repository/org/apiguardian/apiguardian-api/1.1.2/apiguardian-api-1.1.2.jar:/Users/rahulbalashanmugam/.m2/repository/io/cucumber/cucumber-core/7.29.0/cucumber-core-7.29.0.jar:/Users/rahulbalashanmugam/.m2/repository/io/cucumber/cucumber-gherkin/7.29.0/cucumber-gherkin-7.29.0.jar:/Users/rahulbalashanmugam/.m2/repository/io/cucumber/cucumber-gherkin-messages/7.29.0/cucumber-gherkin-messages-7.29.0.jar:/Users/rahulbalashanmugam/.m2/repository/io/cucumber/gherkin/35.1.0/gherkin-35.1.0.jar:/Users/rahulbalashanmugam/.m2/repository/org/assertj/assertj-core/3.27.5/assertj-core-3.27.5.jar:/Users/rahulbalashanmugam/.m2/repository/io/cucumber/messages/29.0.1/messages-29.0.1.jar:/Users/rahulbalashanmugam/.m2/repository/io/cucumber/pretty-formatter/2.3.0/pretty-formatter-2.3.0.jar:/Users/rahulbalashanmugam/.m2/repository/io/cucumber/query/14.6.0/query-14.6.0.jar:/Users/rahulbalashanmugam/.m2/repository/io/cucumber/teamcity-formatter/0.1.1/teamcity-formatter-0.1.1.jar:/Users/rahulbalashanmugam/.m2/repository/io/cucumber/testng-xml-formatter/0.6.0/testng-xml-formatter-0.6.0.jar:/Users/rahulbalashanmugam/.m2/repository/io/cucumber/tag-expressions/6.1.2/tag-expressions-6.1.2.jar:/Users/rahulbalashanmugam/.m2/repository/io/cucumber/cucumber-expressions/18.0.1/cucumber-expressions-18.0.1.jar:/Users/rahulbalashanmugam/.m2/repository/io/cucumber/cucumber-json-formatter/0.2.1/cucumber-json-formatter-0.2.1.jar:/Users/rahulbalashanmugam/.m2/repository/io/cucumber/datatable/7.29.0/datatable-7.29.0.jar:/Users/rahulbalashanmugam/.m2/repository/io/cucumber/cucumber-plugin/7.29.0/cucumber-plugin-7.29.0.jar:/Users/rahulbalashanmugam/.m2/repository/io/cucumber/docstring/7.29.0/docstring-7.29.0.jar:/Users/rahulbalashanmugam/.m2/repository/io/cucumber/html-formatter/21.15.1/html-formatter-21.15.1.jar:/Users/rahulbalashanmugam/.m2/repository/io/cucumber/junit-xml-formatter/0.9.0/junit-xml-formatter-0.9.0.jar:/Users/rahulbalashanmugam/.m2/repository/io/cucumber/ci-environment/10.0.1/ci-environment-10.0.1.jar:/Users/rahulbalashanmugam/.m2/repository/org/testng/testng/7.11.0/testng-7.11.0.jar:/Users/rahulbalashanmugam/.m2/repository/org/jcommander/jcommander/1.83/jcommander-1.83.jar:/Users/rahulbalashanmugam/.m2/repository/org/webjars/jquery/3.7.1/jquery-3.7.1.jar:/Users/rahulbalashanmugam/.m2/repository/io/cucumber/cucumber-java/7.29.0/cucumber-java-7.29.0.jar:/Users/rahulbalashanmugam/.m2/repository/io/cucumber/cucumber-picocontainer/7.29.0/cucumber-picocontainer-7.29.0.jar:/Users/rahulbalashanmugam/.m2/repository/org/picocontainer/picocontainer/2.15.2/picocontainer-2.15.2.jar:/Users/rahulbalashanmugam/.m2/repository/org/apache/poi/poi-ooxml/5.4.0/poi-ooxml-5.4.0.jar:/Users/rahulbalashanmugam/.m2/repository/org/apache/poi/poi/5.4.0/poi-5.4.0.jar:/Users/rahulbalashanmugam/.m2/repository/org/apache/commons/commons-math3/3.6.1/commons-math3-3.6.1.jar:/Users/rahulbalashanmugam/.m2/repository/com/zaxxer/SparseBitSet/1.3/SparseBitSet-1.3.jar:/Users/rahulbalashanmugam/.m2/repository/org/apache/poi/poi-ooxml-lite/5.4.0/poi-ooxml-lite-5.4.0.jar:/Users/rahulbalashanmugam/.m2/repository/org/apache/xmlbeans/xmlbeans/5.3.0/xmlbeans-5.3.0.jar:/Users/rahulbalashanmugam/.m2/repository/commons-io/commons-io/2.18.0/commons-io-2.18.0.jar:/Users/rahulbalashanmugam/.m2/repository/com/github/virtuald/curvesapi/1.08/curvesapi-1.08.jar:/Users/rahulbalashanmugam/.m2/repository/org/apache/logging/log4j/log4j-api/2.24.3/log4j-api-2.24.3.jar:/Users/rahulbalashanmugam/.m2/repository/org/apache/commons/commons-collections4/4.4/commons-collections4-4.4.jar:/Users/rahulbalashanmugam/.m2/repository/io/qameta/allure/allure-cucumber7-jvm/2.29.1/allure-cucumber7-jvm-2.29.1.jar:/Users/rahulbalashanmugam/.m2/repository/io/qameta/allure/allure-java-commons/2.29.1/allure-java-commons-2.29.1.jar:/Users/rahulbalashanmugam/.m2/repository/io/qameta/allure/allure-model/2.29.1/allure-model-2.29.1.jar:"/>
    <property name="java.vm.vendor" value="Homebrew"/>
    <property name="sun.arch.data.model" value="64"/>
    <property name="java.vendor.url" value="https://github.com/Homebrew/homebrew-core/issues"/>
    <property name="user.timezone" value="Europe/London"/>
    <property name="os.name" value="Mac OS X"/>
    <property name="java.vm.specification.version" value="23"/>
    <property name="sun.java.launcher" value="SUN_STANDARD"/>
    <property name="user.country" value="GB"/>
    <property name="sun.boot.library.path" value="/opt/homebrew/Cellar/openjdk/23.0.2/libexec/openjdk.jdk/Contents/Home/lib"/>
    <property name="sun.java.command" value="/Users/rahulbalashanmugam/eclipse-workspace/Learning/Hybrid-Test-Case-2-Register-User/target/surefire/surefirebooter-20251112003713869_3.jar /Users/rahulbalashanmugam/eclipse-workspace/Learning/Hybrid-Test-Case-2-Register-User/target/surefire 2025-11-12T00-37-13_800-jvmRun1 surefire-20251112003713869_1tmp surefire_0-20251112003713869_2tmp"/>
    <property name="http.nonProxyHosts" value="local|*.local|169.254/16|*.169.254/16"/>
    <property name="jdk.debug" value="release"/>
    <property name="surefire.test.class.path" value="/Users/rahulbalashanmugam/eclipse-workspace/Learning/Hybrid-Test-Case-2-Register-User/target/test-classes:/Users/rahulbalashanmugam/eclipse-workspace/Learning/Hybrid-Test-Case-2-Register-User/target/classes:/Users/rahulbalashanmugam/.m2/repository/org/seleniumhq/selenium/selenium-java/4.36.0/selenium-java-4.36.0.jar:/Users/rahulbalashanmugam/.m2/repository/org/seleniumhq/selenium/selenium-api/4.36.0/selenium-api-4.36.0.jar:/Users/rahulbalashanmugam/.m2/repository/org/jspecify/jspecify/1.0.0/jspecify-1.0.0.jar:/Users/rahulbalashanmugam/.m2/repository/org/seleniumhq/selenium/selenium-chrome-driver/4.36.0/selenium-chrome-driver-4.36.0.jar:/Users/rahulbalashanmugam/.m2/repository/com/google/auto/service/auto-service-annotations/1.1.1/auto-service-annotations-1.1.1.jar:/Users/rahulbalashanmugam/.m2/repository/org/seleniumhq/selenium/selenium-chromium-driver/4.36.0/selenium-chromium-driver-4.36.0.jar:/Users/rahulbalashanmugam/.m2/repository/org/seleniumhq/selenium/selenium-json/4.36.0/selenium-json-4.36.0.jar:/Users/rahulbalashanmugam/.m2/repository/org/seleniumhq/selenium/selenium-manager/4.36.0/selenium-manager-4.36.0.jar:/Users/rahulbalashanmugam/.m2/repository/org/seleniumhq/selenium/selenium-devtools-v138/4.36.0/selenium-devtools-v138-4.36.0.jar:/Users/rahulbalashanmugam/.m2/repository/org/seleniumhq/selenium/selenium-devtools-v139/4.36.0/selenium-devtools-v139-4.36.0.jar:/Users/rahulbalashanmugam/.m2/repository/org/seleniumhq/selenium/selenium-devtools-v140/4.36.0/selenium-devtools-v140-4.36.0.jar:/Users/rahulbalashanmugam/.m2/repository/org/seleniumhq/selenium/selenium-edge-driver/4.36.0/selenium-edge-driver-4.36.0.jar:/Users/rahulbalashanmugam/.m2/repository/org/seleniumhq/selenium/selenium-firefox-driver/4.36.0/selenium-firefox-driver-4.36.0.jar:/Users/rahulbalashanmugam/.m2/repository/org/seleniumhq/selenium/selenium-http/4.36.0/selenium-http-4.36.0.jar:/Users/rahulbalashanmugam/.m2/repository/org/seleniumhq/selenium/selenium-ie-driver/4.36.0/selenium-ie-driver-4.36.0.jar:/Users/rahulbalashanmugam/.m2/repository/org/seleniumhq/selenium/selenium-remote-driver/4.36.0/selenium-remote-driver-4.36.0.jar:/Users/rahulbalashanmugam/.m2/repository/com/google/guava/guava/33.5.0-jre/guava-33.5.0-jre.jar:/Users/rahulbalashanmugam/.m2/repository/com/google/guava/failureaccess/1.0.3/failureaccess-1.0.3.jar:/Users/rahulbalashanmugam/.m2/repository/com/google/guava/listenablefuture/9999.0-empty-to-avoid-conflict-with-guava/listenablefuture-9999.0-empty-to-avoid-conflict-with-guava.jar:/Users/rahulbalashanmugam/.m2/repository/com/google/j2objc/j2objc-annotations/3.1/j2objc-annotations-3.1.jar:/Users/rahulbalashanmugam/.m2/repository/io/opentelemetry/opentelemetry-api/1.54.0/opentelemetry-api-1.54.0.jar:/Users/rahulbalashanmugam/.m2/repository/io/opentelemetry/opentelemetry-context/1.54.0/opentelemetry-context-1.54.0.jar:/Users/rahulbalashanmugam/.m2/repository/io/opentelemetry/opentelemetry-common/1.54.0/opentelemetry-common-1.54.0.jar:/Users/rahulbalashanmugam/.m2/repository/io/opentelemetry/opentelemetry-exporter-logging/1.54.0/opentelemetry-exporter-logging-1.54.0.jar:/Users/rahulbalashanmugam/.m2/repository/io/opentelemetry/opentelemetry-sdk-common/1.54.0/opentelemetry-sdk-common-1.54.0.jar:/Users/rahulbalashanmugam/.m2/repository/io/opentelemetry/opentelemetry-sdk-extension-autoconfigure-spi/1.54.0/opentelemetry-sdk-extension-autoconfigure-spi-1.54.0.jar:/Users/rahulbalashanmugam/.m2/repository/io/opentelemetry/opentelemetry-sdk-extension-autoconfigure/1.54.0/opentelemetry-sdk-extension-autoconfigure-1.54.0.jar:/Users/rahulbalashanmugam/.m2/repository/io/opentelemetry/opentelemetry-sdk-trace/1.54.0/opentelemetry-sdk-trace-1.54.0.jar:/Users/rahulbalashanmugam/.m2/repository/io/opentelemetry/opentelemetry-sdk/1.54.0/opentelemetry-sdk-1.54.0.jar:/Users/rahulbalashanmugam/.m2/repository/io/opentelemetry/opentelemetry-sdk-metrics/1.54.0/opentelemetry-sdk-metrics-1.54.0.jar:/Users/rahulbalashanmugam/.m2/repository/io/opentelemetry/opentelemetry-sdk-logs/1.54.0/opentelemetry-sdk-logs-1.54.0.jar:/Users/rahulbalashanmugam/.m2/repository/net/bytebuddy/byte-buddy/1.17.7/byte-buddy-1.17.7.jar:/Users/rahulbalashanmugam/.m2/repository/org/seleniumhq/selenium/selenium-os/4.36.0/selenium-os-4.36.0.jar:/Users/rahulbalashanmugam/.m2/repository/org/apache/commons/commons-exec/1.5.0/commons-exec-1.5.0.jar:/Users/rahulbalashanmugam/.m2/repository/org/seleniumhq/selenium/selenium-safari-driver/4.36.0/selenium-safari-driver-4.36.0.jar:/Users/rahulbalashanmugam/.m2/repository/org/seleniumhq/selenium/selenium-support/4.36.0/selenium-support-4.36.0.jar:/Users/rahulbalashanmugam/.m2/repository/io/github/bonigarcia/webdrivermanager/6.2.0/webdrivermanager-6.2.0.jar:/Users/rahulbalashanmugam/.m2/repository/org/slf4j/slf4j-api/2.0.17/slf4j-api-2.0.17.jar:/Users/rahulbalashanmugam/.m2/repository/com/google/code/gson/gson/2.13.1/gson-2.13.1.jar:/Users/rahulbalashanmugam/.m2/repository/com/google/errorprone/error_prone_annotations/2.38.0/error_prone_annotations-2.38.0.jar:/Users/rahulbalashanmugam/.m2/repository/com/github/docker-java/docker-java/3.5.3/docker-java-3.5.3.jar:/Users/rahulbalashanmugam/.m2/repository/com/github/docker-java/docker-java-core/3.5.3/docker-java-core-3.5.3.jar:/Users/rahulbalashanmugam/.m2/repository/com/github/docker-java/docker-java-api/3.5.3/docker-java-api-3.5.3.jar:/Users/rahulbalashanmugam/.m2/repository/com/fasterxml/jackson/core/jackson-annotations/2.18.4/jackson-annotations-2.18.4.jar:/Users/rahulbalashanmugam/.m2/repository/com/fasterxml/jackson/core/jackson-databind/2.18.4/jackson-databind-2.18.4.jar:/Users/rahulbalashanmugam/.m2/repository/com/fasterxml/jackson/core/jackson-core/2.18.4/jackson-core-2.18.4.jar:/Users/rahulbalashanmugam/.m2/repository/org/slf4j/jcl-over-slf4j/1.7.30/jcl-over-slf4j-1.7.30.jar:/Users/rahulbalashanmugam/.m2/repository/com/github/docker-java/docker-java-transport-httpclient5/3.5.3/docker-java-transport-httpclient5-3.5.3.jar:/Users/rahulbalashanmugam/.m2/repository/com/github/docker-java/docker-java-transport/3.5.3/docker-java-transport-3.5.3.jar:/Users/rahulbalashanmugam/.m2/repository/net/java/dev/jna/jna/5.17.0/jna-5.17.0.jar:/Users/rahulbalashanmugam/.m2/repository/org/brotli/dec/0.1.2/dec-0.1.2.jar:/Users/rahulbalashanmugam/.m2/repository/org/apache/commons/commons-lang3/3.18.0/commons-lang3-3.18.0.jar:/Users/rahulbalashanmugam/.m2/repository/org/apache/commons/commons-compress/1.27.1/commons-compress-1.27.1.jar:/Users/rahulbalashanmugam/.m2/repository/commons-codec/commons-codec/1.17.1/commons-codec-1.17.1.jar:/Users/rahulbalashanmugam/.m2/repository/org/apache/httpcomponents/client5/httpclient5/5.4.3/httpclient5-5.4.3.jar:/Users/rahulbalashanmugam/.m2/repository/org/apache/httpcomponents/core5/httpcore5/5.3.4/httpcore5-5.3.4.jar:/Users/rahulbalashanmugam/.m2/repository/org/apache/httpcomponents/core5/httpcore5-h2/5.3.4/httpcore5-h2-5.3.4.jar:/Users/rahulbalashanmugam/.m2/repository/net/java/dev/jna/jna-platform/5.17.0/jna-platform-5.17.0.jar:/Users/rahulbalashanmugam/.m2/repository/io/cucumber/cucumber-testng/7.29.0/cucumber-testng-7.29.0.jar:/Users/rahulbalashanmugam/.m2/repository/org/apiguardian/apiguardian-api/1.1.2/apiguardian-api-1.1.2.jar:/Users/rahulbalashanmugam/.m2/repository/io/cucumber/cucumber-core/7.29.0/cucumber-core-7.29.0.jar:/Users/rahulbalashanmugam/.m2/repository/io/cucumber/cucumber-gherkin/7.29.0/cucumber-gherkin-7.29.0.jar:/Users/rahulbalashanmugam/.m2/repository/io/cucumber/cucumber-gherkin-messages/7.29.0/cucumber-gherkin-messages-7.29.0.jar:/Users/rahulbalashanmugam/.m2/repository/io/cucumber/gherkin/35.1.0/gherkin-35.1.0.jar:/Users/rahulbalashanmugam/.m2/repository/org/assertj/assertj-core/3.27.5/assertj-core-3.27.5.jar:/Users/rahulbalashanmugam/.m2/repository/io/cucumber/messages/29.0.1/messages-29.0.1.jar:/Users/rahulbalashanmugam/.m2/repository/io/cucumber/pretty-formatter/2.3.0/pretty-formatter-2.3.0.jar:/Users/rahulbalashanmugam/.m2/repository/io/cucumber/query/14.6.0/query-14.6.0.jar:/Users/rahulbalashanmugam/.m2/repository/io/cucumber/teamcity-formatter/0.1.1/teamcity-formatter-0.1.1.jar:/Users/rahulbalashanmugam/.m2/repository/io/cucumber/testng-xml-formatter/0.6.0/testng-xml-formatter-0.6.0.jar:/Users/rahulbalashanmugam/.m2/repository/io/cucumber/tag-expressions/6.1.2/tag-expressions-6.1.2.jar:/Users/rahulbalashanmugam/.m2/repository/io/cucumber/cucumber-expressions/18.0.1/cucumber-expressions-18.0.1.jar:/Users/rahulbalashanmugam/.m2/repository/io/cucumber/cucumber-json-formatter/0.2.1/cucumber-json-formatter-0.2.1.jar:/Users/rahulbalashanmugam/.m2/repository/io/cucumber/datatable/7.29.0/datatable-7.29.0.jar:/Users/rahulbalashanmugam/.m2/repository/io/cucumber/cucumber-plugin/7.29.0/cucumber-plugin-7.29.0.jar:/Users/rahulbalashanmugam/.m2/repository/io/cucumber/docstring/7.29.0/docstring-7.29.0.jar:/Users/rahulbalashanmugam/.m2/repository/io/cucumber/html-formatter/21.15.1/html-formatter-21.15.1.jar:/Users/rahulbalashanmugam/.m2/repository/io/cucumber/junit-xml-formatter/0.9.0/junit-xml-formatter-0.9.0.jar:/Users/rahulbalashanmugam/.m2/repository/io/cucumber/ci-environment/10.0.1/ci-environment-10.0.1.jar:/Users/rahulbalashanmugam/.m2/repository/org/testng/testng/7.11.0/testng-7.11.0.jar:/Users/rahulbalashanmugam/.m2/repository/org/jcommander/jcommander/1.83/jcommander-1.83.jar:/Users/rahulbalashanmugam/.m2/repository/org/webjars/jquery/3.7.1/jquery-3.7.1.jar:/Users/rahulbalashanmugam/.m2/repository/io/cucumber/cucumber-java/7.29.0/cucumber-java-7.29.0.jar:/Users/rahulbalashanmugam/.m2/repository/io/cucumber/cucumber-picocontainer/7.29.0/cucumber-picocontainer-7.29.0.jar:/Users/rahulbalashanmugam/.m2/repository/org/picocontainer/picocontainer/2.15.2/picocontainer-2.15.2.jar:/Users/rahulbalashanmugam/.m2/repository/org/apache/poi/poi-ooxml/5.4.0/poi-ooxml-5.4.0.jar:/Users/rahulbalashanmugam/.m2/repository/org/apache/poi/poi/5.4.0/poi-5.4.0.jar:/Users/rahulbalashanmugam/.m2/repository/org/apache/commons/commons-math3/3.6.1/commons-math3-3.6.1.jar:/Users/rahulbalashanmugam/.m2/repository/com/zaxxer/SparseBitSet/1.3/SparseBitSet-1.3.jar:/Users/rahulbalashanmugam/.m2/repository/org/apache/poi/poi-ooxml-lite/5.4.0/poi-ooxml-lite-5.4.0.jar:/Users/rahulbalashanmugam/.m2/repository/org/apache/xmlbeans/xmlbeans/5.3.0/xmlbeans-5.3.0.jar:/Users/rahulbalashanmugam/.m2/repository/commons-io/commons-io/2.18.0/commons-io-2.18.0.jar:/Users/rahulbalashanmugam/.m2/repository/com/github/virtuald/curvesapi/1.08/curvesapi-1.08.jar:/Users/rahulbalashanmugam/.m2/repository/org/apache/logging/log4j/log4j-api/2.24.3/log4j-api-2.24.3.jar:/Users/rahulbalashanmugam/.m2/repository/org/apache/commons/commons-collections4/4.4/commons-collections4-4.4.jar:/Users/rahulbalashanmugam/.m2/repository/io/qameta/allure/allure-cucumber7-jvm/2.29.1/allure-cucumber7-jvm-2.29.1.jar:/Users/rahulbalashanmugam/.m2/repository/io/qameta/allure/allure-java-commons/2.29.1/allure-java-commons-2.29.1.jar:/Users/rahulbalashanmugam/.m2/repository/io/qameta/allure/allure-model/2.29.1/allure-model-2.29.1.jar:"/>
    <property name="sun.cpu.endian" value="little"/>
    <property name="user.home" value="/Users/rahulbalashanmugam"/>
    <property name="user.language" value="en"/>
    <property name="java.specification.vendor" value="Oracle Corporation"/>
    <property name="java.version.date" value="2025-01-21"/>
    <property name="java.home" value="/opt/homebrew/Cellar/openjdk/23.0.2/libexec/openjdk.jdk/Contents/Home"/>
    <property name="file.separator" value="/"/>
    <property name="basedir" value="/Users/rahulbalashanmugam/eclipse-workspace/Learning/Hybrid-Test-Case-2-Register-User"/>
    <property name="java.vm.compressedOopsMode" value="Zero based"/>
    <property name="line.separator" value="&#10;"/>
    <property name="java.vm.specification.vendor" value="Oracle Corporation"/>
    <property name="java.specification.name" value="Java Platform API Specification"/>
    <property name="apple.awt.application.name" value="ForkedBooter"/>
    <property name="surefire.real.class.path" value="/Users/rahulbalashanmugam/eclipse-workspace/Learning/Hybrid-Test-Case-2-Register-User/target/surefire/surefirebooter-20251112003713869_3.jar"/>
    <property name="sun.management.compiler" value="HotSpot 64-Bit Tiered Compilers"/>
    <property name="ftp.nonProxyHosts" value="local|*.local|169.254/16|*.169.254/16"/>
    <property name="java.runtime.version" value="23.0.2"/>
    <property name="user.name" value="rahulbalashanmugam"/>
    <property name="stdout.encoding" value="UTF-8"/>
    <property name="path.separator" value=":"/>
    <property name="os.version" value="26.1"/>
    <property name="java.runtime.name" value="OpenJDK Runtime Environment"/>
    <property name="file.encoding" value="UTF-8"/>
    <property name="java.vm.name" value="OpenJDK 64-Bit Server VM"/>
    <property name="java.vendor.version" value="Homebrew"/>
    <property name="localRepository" value="/Users/rahulbalashanmugam/.m2/repository"/>
    <property name="java.vendor.url.bug" value="https://github.com/Homebrew/homebrew-core/issues"/>
    <property name="java.io.tmpdir" value="/var/folders/fq/g0kvv0p944xcqj4qh8xq70840000gn/T/"/>
    <property name="java.version" value="23.0.2"/>
    <property name="user.dir" value="/Users/rahulbalashanmugam/eclipse-workspace/Learning/Hybrid-Test-Case-2-Register-User"/>
    <property name="os.arch" value="aarch64"/>
    <property name="java.vm.specification.name" value="Java Virtual Machine Specification"/>
    <property name="native.encoding" value="UTF-8"/>
    <property name="java.library.path" value="/Users/rahulbalashanmugam/Library/Java/Extensions:/Library/Java/Extensions:/Network/Library/Java/Extensions:/System/Library/Java/Extensions:/usr/lib/java:."/>
    <property name="java.vm.info" value="mixed mode, sharing"/>
    <property name="stderr.encoding" value="UTF-8"/>
    <property name="java.vendor" value="Homebrew"/>
    <property name="java.vm.version" value="23.0.2"/>
    <property name="sun.io.unicode.encoding" value="UnicodeBig"/>
    <property name="socksNonProxyHosts" value="local|*.local|169.254/16|*.169.254/16"/>
    <property name="java.class.version" value="67.0"/>
  </properties>
  <testcase name="runScenario[&quot;Verify Subscription in Cart page&quot;, &quot;Testing the functions in cart&quot;](1)" classname="runner.TestRunner" time="15.514">
    <system-out><![CDATA[
@cart @subscription
Scenario Outline: Verify Subscription in Cart page                                  # file:///Users/rahulbalashanmugam/eclipse-workspace/Learning/Hybrid-Test-Case-2-Register-User/src/test/java/features/cart.feature:14
Browser launched before scenario
Automation Exercise
  ✔ Given Click Cart button                                                         # stepDefenition.CartStepDef.clickCartButton()
  ✔ When Scroll down to footer                                                      # stepDefenition.CartStepDef.scrollDownToFooter()
Found subscription text: SUBSCRIPTION
  ✔ And Verify text 'SUBSCRIPTION'                                                  # stepDefenition.CartStepDef.verifyTextSUBSCRIPTION(java.lang.String)
  ✔ And Enter email "178@gmail" in input and click arrow button                     # stepDefenition.CartStepDef.enterEmailAddressInInputAndClickArrowButton(java.lang.String)
Success message is visible: You have been successfully subscribed!
  ✔ Then Verify success message 'You have been successfully subscribed!' is visible # stepDefenition.CartStepDef.verifySuccessMessageYouHaveBeenSuccessfullySubscribedIsVisible(java.lang.String)
Browser closed after scenario
]]></system-out>
    <system-err><![CDATA[SLF4J(W): No SLF4J providers were found.
SLF4J(W): Defaulting to no-operation (NOP) logger implementation
SLF4J(W): See https://www.slf4j.org/codes.html#noProviders for further details.
Nov 12, 2025 12:37:21 AM org.openqa.selenium.devtools.CdpVersionFinder findNearestMatch
WARNING: Unable to find an exact match for CDP version 142, returning the closest version; found: 140; Please update to a Selenium version that supports CDP version 142
]]></system-err>
  </testcase>
  <testcase name="runScenario[&quot;Add Products in Cart&quot;, &quot;Testing the functions in cart&quot;](2)" classname="runner.TestRunner" time="8.589">
    <failure message="element click intercepted: Element &lt;a data-product-id=&quot;1&quot; class=&quot;btn btn-default add-to-cart&quot;&gt;...&lt;/a&gt; is not clickable at point (385, 16). Other element would receive the click: &lt;a data-product-id=&quot;1&quot; class=&quot;btn btn-default add-to-cart&quot;&gt;...&lt;/a&gt;&#10;  (Session info: chrome=142.0.7444.135)&#10;Build info: version: &apos;4.36.0&apos;, revision: &apos;6d115cfd87&apos;&#10;System info: os.name: &apos;Mac OS X&apos;, os.arch: &apos;aarch64&apos;, os.version: &apos;26.1&apos;, java.version: &apos;23.0.2&apos;&#10;Driver info: org.openqa.selenium.chrome.ChromeDriver&#10;Command: [448a534620cbf4f248273034af45c33d, clickElement {id=f.FE0B6CD63EDBEED1E844EABB28A6FF35.d.31AC7DB7D957E3DAE94B110B73E262DA.e.321}]&#10;Capabilities {acceptInsecureCerts: false, browserName: chrome, browserVersion: 142.0.7444.135, chrome: {chromedriverVersion: 142.0.7444.162 (c076baf266c..., userDataDir: /var/folders/fq/g0kvv0p944x...}, fedcm:accounts: true, goog:chromeOptions: {debuggerAddress: localhost:51278}, goog:processID: 73582, networkConnectionEnabled: false, pageLoadStrategy: normal, platformName: mac, proxy: Proxy(), se:cdp: ws://localhost:51278/devtoo..., se:cdpVersion: 142.0.7444.135, setWindowRect: true, strictFileInteractability: false, timeouts: {implicit: 0, pageLoad: 300000, script: 30000}, unhandledPromptBehavior: dismiss and notify, webauthn:extension:credBlob: true, webauthn:extension:largeBlob: true, webauthn:extension:minPinLength: true, webauthn:extension:prf: true, webauthn:virtualAuthenticators: true}&#10;Element: [[ChromeDriver: chrome on mac (448a534620cbf4f248273034af45c33d)] -&gt; link text: Add to cart]&#10;Session ID: 448a534620cbf4f248273034af45c33d" type="org.openqa.selenium.ElementClickInterceptedException"><![CDATA[org.openqa.selenium.ElementClickInterceptedException: 
element click intercepted: Element <a data-product-id="1" class="btn btn-default add-to-cart">...</a> is not clickable at point (385, 16). Other element would receive the click: <a data-product-id="1" class="btn btn-default add-to-cart">...</a>
  (Session info: chrome=142.0.7444.135)
Build info: version: '4.36.0', revision: '6d115cfd87'
System info: os.name: 'Mac OS X', os.arch: 'aarch64', os.version: '26.1', java.version: '23.0.2'
Driver info: org.openqa.selenium.chrome.ChromeDriver
Command: [448a534620cbf4f248273034af45c33d, clickElement {id=f.FE0B6CD63EDBEED1E844EABB28A6FF35.d.31AC7DB7D957E3DAE94B110B73E262DA.e.321}]
Capabilities {acceptInsecureCerts: false, browserName: chrome, browserVersion: 142.0.7444.135, chrome: {chromedriverVersion: 142.0.7444.162 (c076baf266c..., userDataDir: /var/folders/fq/g0kvv0p944x...}, fedcm:accounts: true, goog:chromeOptions: {debuggerAddress: localhost:51278}, goog:processID: 73582, networkConnectionEnabled: false, pageLoadStrategy: normal, platformName: mac, proxy: Proxy(), se:cdp: ws://localhost:51278/devtoo..., se:cdpVersion: 142.0.7444.135, setWindowRect: true, strictFileInteractability: false, timeouts: {implicit: 0, pageLoad: 300000, script: 30000}, unhandledPromptBehavior: dismiss and notify, webauthn:extension:credBlob: true, webauthn:extension:largeBlob: true, webauthn:extension:minPinLength: true, webauthn:extension:prf: true, webauthn:virtualAuthenticators: true}
Element: [[ChromeDriver: chrome on mac (448a534620cbf4f248273034af45c33d)] -> link text: Add to cart]
Session ID: 448a534620cbf4f248273034af45c33d
	at java.base/jdk.internal.reflect.DirectConstructorHandleAccessor.newInstance(DirectConstructorHandleAccessor.java:62)
	at java.base/java.lang.reflect.Constructor.newInstanceWithCaller(Constructor.java:501)
	at java.base/java.lang.reflect.Constructor.newInstance(Constructor.java:485)
	at org.openqa.selenium.remote.ErrorCodec.decode(ErrorCodec.java:167)
	at org.openqa.selenium.remote.codec.w3c.W3CHttpResponseCodec.decode(W3CHttpResponseCodec.java:138)
	at org.openqa.selenium.remote.codec.w3c.W3CHttpResponseCodec.decode(W3CHttpResponseCodec.java:50)
	at org.openqa.selenium.remote.HttpCommandExecutor.execute(HttpCommandExecutor.java:215)
	at org.openqa.selenium.remote.service.DriverCommandExecutor.invokeExecute(DriverCommandExecutor.java:216)
	at org.openqa.selenium.remote.service.DriverCommandExecutor.execute(DriverCommandExecutor.java:174)
	at org.openqa.selenium.remote.RemoteWebDriver.execute(RemoteWebDriver.java:557)
	at org.openqa.selenium.remote.RemoteWebElement.execute(RemoteWebElement.java:223)
	at org.openqa.selenium.remote.RemoteWebElement.click(RemoteWebElement.java:76)
	at flows.CartFlow.hoverOverFirstProductAddToCart(CartFlow.java:75)
	at stepDefenition.CartStepDef.hoverOverFirstProductAndClickAddToCart(CartStepDef.java:51)
	at ✽.Hover over first product and click add to cart(file:///Users/rahulbalashanmugam/eclipse-workspace/Learning/Hybrid-Test-Case-2-Register-User/src/test/java/features/cart.feature:19)
]]></failure>
    <system-out><![CDATA[
@cart @addProductInCart
Scenario: Add Products in Cart                          # file:///Users/rahulbalashanmugam/eclipse-workspace/Learning/Hybrid-Test-Case-2-Register-User/src/test/java/features/cart.feature:17
Browser launched before scenario
Automation Exercise
  ✔ Given Click products button                         # stepDefenition.CartStepDef.clickProductsButton()
  ✘ When Hover over first product and click add to cart # stepDefenition.CartStepDef.hoverOverFirstProductAndClickAddToCart()
        org.openqa.selenium.ElementClickInterceptedException: element click intercepted: Element <a data-product-id="1" class="btn btn-default add-to-cart">...</a> is not clickable at point (385, 16). Other element would receive the click: <a data-product-id="1" class="btn btn-default add-to-cart">...</a>
          (Session info: chrome=142.0.7444.135)
        Build info: version: '4.36.0', revision: '6d115cfd87'
        System info: os.name: 'Mac OS X', os.arch: 'aarch64', os.version: '26.1', java.version: '23.0.2'
        Driver info: org.openqa.selenium.chrome.ChromeDriver
        Command: [448a534620cbf4f248273034af45c33d, clickElement {id=f.FE0B6CD63EDBEED1E844EABB28A6FF35.d.31AC7DB7D957E3DAE94B110B73E262DA.e.321}]
        Capabilities {acceptInsecureCerts: false, browserName: chrome, browserVersion: 142.0.7444.135, chrome: {chromedriverVersion: 142.0.7444.162 (c076baf266c..., userDataDir: /var/folders/fq/g0kvv0p944x...}, fedcm:accounts: true, goog:chromeOptions: {debuggerAddress: localhost:51278}, goog:processID: 73582, networkConnectionEnabled: false, pageLoadStrategy: normal, platformName: mac, proxy: Proxy(), se:cdp: ws://localhost:51278/devtoo..., se:cdpVersion: 142.0.7444.135, setWindowRect: true, strictFileInteractability: false, timeouts: {implicit: 0, pageLoad: 300000, script: 30000}, unhandledPromptBehavior: dismiss and notify, webauthn:extension:credBlob: true, webauthn:extension:largeBlob: true, webauthn:extension:minPinLength: true, webauthn:extension:prf: true, webauthn:virtualAuthenticators: true}
        Element: [[ChromeDriver: chrome on mac (448a534620cbf4f248273034af45c33d)] -> link text: Add to cart]
        Session ID: 448a534620cbf4f248273034af45c33d
        	at java.base/jdk.internal.reflect.DirectConstructorHandleAccessor.newInstance(DirectConstructorHandleAccessor.java:62)
        	at java.base/java.lang.reflect.Constructor.newInstanceWithCaller(Constructor.java:501)
        	at java.base/java.lang.reflect.Constructor.newInstance(Constructor.java:485)
        	at org.openqa.selenium.remote.ErrorCodec.decode(ErrorCodec.java:167)
        	at org.openqa.selenium.remote.codec.w3c.W3CHttpResponseCodec.decode(W3CHttpResponseCodec.java:138)
        	at org.openqa.selenium.remote.codec.w3c.W3CHttpResponseCodec.decode(W3CHttpResponseCodec.java:50)
        	at org.openqa.selenium.remote.HttpCommandExecutor.execute(HttpCommandExecutor.java:215)
        	at org.openqa.selenium.remote.service.DriverCommandExecutor.invokeExecute(DriverCommandExecutor.java:216)
        	at org.openqa.selenium.remote.service.DriverCommandExecutor.execute(DriverCommandExecutor.java:174)
        	at org.openqa.selenium.remote.RemoteWebDriver.execute(RemoteWebDriver.java:557)
        	at org.openqa.selenium.remote.RemoteWebElement.execute(RemoteWebElement.java:223)
        	at org.openqa.selenium.remote.RemoteWebElement.click(RemoteWebElement.java:76)
        	at flows.CartFlow.hoverOverFirstProductAddToCart(CartFlow.java:75)
        	at stepDefenition.CartStepDef.hoverOverFirstProductAndClickAddToCart(CartStepDef.java:51)
        	at ✽.Hover over first product and click add to cart(file:///Users/rahulbalashanmugam/eclipse-workspace/Learning/Hybrid-Test-Case-2-Register-User/src/test/java/features/cart.feature:19)
  ↷ And Click Continue Shopping button                  # stepDefenition.CartStepDef.clickContinueShoppingButton()
  ↷ And Hover over second product and click add to cart # stepDefenition.CartStepDef.hoverOverSecondProductAndClickAddToCart()
  ↷ And Click view Cart link                            # stepDefenition.CartStepDef.clickViewCartLink()
  ↷ And Verify both products are added to Cart          # stepDefenition.CartStepDef.verifyBothProductsAreAddedToCart()
  ↷ Then Verify their prices, quantity and total price  # stepDefenition.CartStepDef.verifyTheirPricesQuantityAndTotalPrice()
Browser closed after scenario
]]></system-out>
    <system-err><![CDATA[Nov 12, 2025 12:37:31 AM org.openqa.selenium.devtools.CdpVersionFinder findNearestMatch
WARNING: Unable to find an exact match for CDP version 142, returning the closest version; found: 140; Please update to a Selenium version that supports CDP version 142
]]></system-err>
  </testcase>
  <testcase name="runScenario[&quot;Verify Product quantity in Cart&quot;, &quot;Testing the functions in cart&quot;](3)" classname="runner.TestRunner" time="5.83">
    <system-out><![CDATA[
@cart @increaseQuantity
Scenario Outline: Verify Product quantity in Cart                          # file:///Users/rahulbalashanmugam/eclipse-workspace/Learning/Hybrid-Test-Case-2-Register-User/src/test/java/features/cart.feature:36
Browser launched before scenario
Automation Exercise
  ✔ Given Click view Product for any product on home page                  # stepDefenition.CartStepDef.clickViewProductForAnyProductOnHomePage()
We are on the product page!
  ✔ When Verify product detail is opened                                   # stepDefenition.CartStepDef.verifyProductDetailIsOpened()
  ✔ And Increase quantity to "4"                                           # stepDefenition.CartStepDef.increaseQuantityTo(java.lang.String)
  ✔ And Click on add to cart button                                        # stepDefenition.CartStepDef.clickOnAddToCartButton()
Verified: Product quantity is 4
  ✔ Then Verify that product is displayed in cart page with exact quantity # stepDefenition.CartStepDef.verifyThatProductIsDisplayedInCartPageWithExactQuantity()
Browser closed after scenario
]]></system-out>
    <system-err><![CDATA[Nov 12, 2025 12:37:39 AM org.openqa.selenium.devtools.CdpVersionFinder findNearestMatch
WARNING: Unable to find an exact match for CDP version 142, returning the closest version; found: 140; Please update to a Selenium version that supports CDP version 142
]]></system-err>
  </testcase>
  <testcase name="runScenario[&quot;Remove Products From Cart&quot;, &quot;Testing the functions in cart&quot;](4)" classname="runner.TestRunner" time="17.624">
    <system-out><![CDATA[
@cart @removeProduct
Scenario: Remove Products From Cart                        # file:///Users/rahulbalashanmugam/eclipse-workspace/Learning/Hybrid-Test-Case-2-Register-User/src/test/java/features/cart.feature:39
Browser launched before scenario
Automation Exercise
  ✔ Given Click products button                            # stepDefenition.CartStepDef.clickProductsButton()
  ✔ When Hover over first product and click add to cart    # stepDefenition.CartStepDef.hoverOverFirstProductAndClickAddToCart()
  ✔ And Click Continue Shopping button                     # stepDefenition.CartStepDef.clickContinueShoppingButton()
  ✔ And Hover over second product and click add to cart    # stepDefenition.CartStepDef.hoverOverSecondProductAndClickAddToCart()
  ✔ And Click view Cart link                               # stepDefenition.CartStepDef.clickViewCartLink()
Cart page url is verified: https://www.automationexercise.com/view_cart
  ✔ And Verify cart page is displayed                      # stepDefenition.CartStepDef.verifyCartPageIsDisplayed()
Clicked delete (X) button for product: Men Tshirt
  ✔ And Click X button corresponding to particular product # stepDefenition.CartStepDef.clickXButtonCorrespondingToParticularProduct()
Product 'Men Tshirt' successfully removed from the cart.
  ✔ Then Verify that product is removed from the cart      # stepDefenition.CartStepDef.verifyThatProductIsRemovedFromTheCart()
Browser closed after scenario
]]></system-out>
    <system-err><![CDATA[Nov 12, 2025 12:37:45 AM org.openqa.selenium.devtools.CdpVersionFinder findNearestMatch
WARNING: Unable to find an exact match for CDP version 142, returning the closest version; found: 140; Please update to a Selenium version that supports CDP version 142
]]></system-err>
  </testcase>
  <testcase name="runScenario[&quot;Login and Logout with credentials&quot;, &quot;Login and Logout the existing account&quot;](5)" classname="runner.TestRunner" time="7.556">
    <system-out><![CDATA[
@loginLogout @validLogin
Scenario Outline: Login and Logout with credentials         # file:///Users/rahulbalashanmugam/eclipse-workspace/Learning/Hybrid-Test-Case-2-Register-User/src/test/java/features/loginlogout.feature:15
Browser launched before scenario
Automation Exercise
  ✔ Given Click Signup Login button                         # stepDefenition.LoginLogoutStepDef.clickSignupLoginButton()
  ✔ When Enter the email "178@gmail.com" and password "178" # stepDefenition.LoginLogoutStepDef.enterTheCorrectEmailAndPassword(java.lang.String,java.lang.String)
  ✔ And Click the login button                              # stepDefenition.LoginLogoutStepDef.clickTheLoginButton()
Username mismatch. Expected: Login as username is visible, Found: 178
  ✔ And Verify "Login as username is visible"               # stepDefenition.LoginLogoutStepDef.verifyLoginAsUsernameIsVisible(java.lang.String)
  ✔ And Click the Logout button                             # stepDefenition.LoginLogoutStepDef.clickTheLogoutButton()
Automation Exercise - Signup / Login
Login/Signup Page Visible Successfully
  ✔ Then Verify it is navigated to the login page           # stepDefenition.LoginLogoutStepDef.verifyItIsNavigatedToTheLoginPage()
Browser closed after scenario
]]></system-out>
    <system-err><![CDATA[Nov 12, 2025 12:38:03 AM org.openqa.selenium.devtools.CdpVersionFinder findNearestMatch
WARNING: Unable to find an exact match for CDP version 142, returning the closest version; found: 140; Please update to a Selenium version that supports CDP version 142
]]></system-err>
  </testcase>
  <testcase name="runScenario[&quot;Login User with incorrect email and password&quot;, &quot;Login and Logout the existing account&quot;](6)" classname="runner.TestRunner" time="6.019">
    <system-out><![CDATA[
@loginLogout @invalidLogin
Scenario Outline: Login User with incorrect email and password          # file:///Users/rahulbalashanmugam/eclipse-workspace/Learning/Hybrid-Test-Case-2-Register-User/src/test/java/features/loginlogout.feature:26
Browser launched before scenario
Automation Exercise
  ✔ Given Click Signup Login button                                     # stepDefenition.LoginLogoutStepDef.clickSignupLoginButton()
  ✔ When Enter the incorrect email "178@gmail.com" and password "171"   # stepDefenition.LoginLogoutStepDef.enterTheIncorrectEmailAndPassword(java.lang.String,java.lang.String)
  ✔ And Click the login button                                          # stepDefenition.LoginLogoutStepDef.clickTheLoginButton()
Actual error message on page: Your email or password is incorrect!
Expected error message: Your email or password is incorrect!
  ✔ Then Verify error "Your email or password is incorrect!" is visible # stepDefenition.LoginLogoutStepDef.verifyErrorYourEmailOrPasswordIsIncorrectIsVisible(java.lang.String)
Browser closed after scenario
]]></system-out>
    <system-err><![CDATA[Nov 12, 2025 12:38:10 AM org.openqa.selenium.devtools.CdpVersionFinder findNearestMatch
WARNING: Unable to find an exact match for CDP version 142, returning the closest version; found: 140; Please update to a Selenium version that supports CDP version 142
]]></system-err>
  </testcase>
  <testcase name="runScenario[&quot;Verify All Products and product detail page&quot;, &quot;Listing and Searching of Product&quot;](7)" classname="runner.TestRunner" time="6.65">
    <system-out><![CDATA[
@product @allProduct
Scenario: Verify All Products and product detail page               # file:///Users/rahulbalashanmugam/eclipse-workspace/Learning/Hybrid-Test-Case-2-Register-User/src/test/java/features/productpage.feature:5
Browser launched before scenario
Automation Exercise
  ✔ Given Click on products button                                  # stepDefenition.ProductPageStepDef.clickOnProductsButton()
User is in product pageAutomation Exercise - All Products
  ✔ When Verify user is navigated to All Products page successfully # stepDefenition.ProductPageStepDef.verifyUserIsNavigatedToAllProductsPageSuccessfully()
  ✔ And The products list is visible                                # stepDefenition.ProductPageStepDef.theProductsListIsVisible()
  ✔ And Click on View Product of first product                      # stepDefenition.ProductPageStepDef.clickOnViewProductOfFirstProduct()
Automation Exercise - Product Details
  ✔ And User is landed to product detail page                       # stepDefenition.ProductPageStepDef.userIsLandedToProductDetailPage()
Name: Blue Top
Category: Category: Women > Tops
Price: Rs. 500
Availability: Availability: In Stock
Condition: Condition: New
Brand: Brand: Polo
Name: Blue Top
Category: Category: Women > Tops
Price: Rs. 500
Availability: Availability: In Stock
Condition: Condition: New
Brand: Brand: Polo
  ✔ Then Verify that detail detail is visible                       # stepDefenition.ProductPageStepDef.verifyThatDetailDetailIsVisibleProductNameCategoryPriceAvailabilityConditionBrand()
Browser closed after scenario
]]></system-out>
    <system-err><![CDATA[Nov 12, 2025 12:38:16 AM org.openqa.selenium.devtools.CdpVersionFinder findNearestMatch
WARNING: Unable to find an exact match for CDP version 142, returning the closest version; found: 140; Please update to a Selenium version that supports CDP version 142
]]></system-err>
  </testcase>
  <testcase name="runScenario[&quot;Verify searched product is listed&quot;, &quot;Listing and Searching of Product&quot;](8)" classname="runner.TestRunner" time="6.649">
    <system-out><![CDATA[
@product @searchProduct
Scenario Outline: Verify searched product is listed                      # file:///Users/rahulbalashanmugam/eclipse-workspace/Learning/Hybrid-Test-Case-2-Register-User/src/test/java/features/productpage.feature:22
Browser launched before scenario
Automation Exercise
  ✔ Given Click on products button                                       # stepDefenition.ProductPageStepDef.clickOnProductsButton()
User is in product pageAutomation Exercise - All Products
  ✔ When Verify user is navigated to All Products page successfully      # stepDefenition.ProductPageStepDef.verifyUserIsNavigatedToAllProductsPageSuccessfully()
  ✔ And Enter product "Blue Top" in search input and click search button # stepDefenition.ProductPageStepDef.enterProductNameInSearchInputAndClickSearchButton(java.lang.String)
Product 'Blue Top' is visible
  ✔ Then Verify "Blue Top" is visible                                    # stepDefenition.ProductPageStepDef.verifySearchedProductIsVisible(java.lang.String)
Browser closed after scenario
]]></system-out>
    <system-err><![CDATA[Nov 12, 2025 12:38:23 AM org.openqa.selenium.devtools.CdpVersionFinder findNearestMatch
WARNING: Unable to find an exact match for CDP version 142, returning the closest version; found: 140; Please update to a Selenium version that supports CDP version 142
]]></system-err>
  </testcase>
  <testcase name="runScenario[&quot;Verify searched product is listed&quot;, &quot;Listing and Searching of Product&quot;](9)" classname="runner.TestRunner" time="5.993">
    <system-out><![CDATA[
@product @searchProduct
Scenario Outline: Verify searched product is listed                        # file:///Users/rahulbalashanmugam/eclipse-workspace/Learning/Hybrid-Test-Case-2-Register-User/src/test/java/features/productpage.feature:23
Browser launched before scenario
Automation Exercise
  ✔ Given Click on products button                                         # stepDefenition.ProductPageStepDef.clickOnProductsButton()
User is in product pageAutomation Exercise - All Products
  ✔ When Verify user is navigated to All Products page successfully        # stepDefenition.ProductPageStepDef.verifyUserIsNavigatedToAllProductsPageSuccessfully()
  ✔ And Enter product "Winter Top" in search input and click search button # stepDefenition.ProductPageStepDef.enterProductNameInSearchInputAndClickSearchButton(java.lang.String)
Product 'Winter Top' is visible
  ✔ Then Verify "Winter Top" is visible                                    # stepDefenition.ProductPageStepDef.verifySearchedProductIsVisible(java.lang.String)
Browser closed after scenario
]]></system-out>
    <system-err><![CDATA[Nov 12, 2025 12:38:30 AM org.openqa.selenium.devtools.CdpVersionFinder findNearestMatch
WARNING: Unable to find an exact match for CDP version 142, returning the closest version; found: 140; Please update to a Selenium version that supports CDP version 142
]]></system-err>
  </testcase>
  <testcase name="runScenario[&quot;Verify searched product is listed&quot;, &quot;Listing and Searching of Product&quot;](10)" classname="runner.TestRunner" time="6.324">
    <system-out><![CDATA[
@product @searchProduct
Scenario Outline: Verify searched product is listed                                         # file:///Users/rahulbalashanmugam/eclipse-workspace/Learning/Hybrid-Test-Case-2-Register-User/src/test/java/features/productpage.feature:24
Browser launched before scenario
Automation Exercise
  ✔ Given Click on products button                                                          # stepDefenition.ProductPageStepDef.clickOnProductsButton()
User is in product pageAutomation Exercise - All Products
  ✔ When Verify user is navigated to All Products page successfully                         # stepDefenition.ProductPageStepDef.verifyUserIsNavigatedToAllProductsPageSuccessfully()
  ✔ And Enter product "Sleeves Printed Top - White" in search input and click search button # stepDefenition.ProductPageStepDef.enterProductNameInSearchInputAndClickSearchButton(java.lang.String)
Product 'Sleeves Printed Top - White' is visible
  ✔ Then Verify "Sleeves Printed Top - White" is visible                                    # stepDefenition.ProductPageStepDef.verifySearchedProductIsVisible(java.lang.String)
Browser closed after scenario
]]></system-out>
    <system-err><![CDATA[Nov 12, 2025 12:38:36 AM org.openqa.selenium.devtools.CdpVersionFinder findNearestMatch
WARNING: Unable to find an exact match for CDP version 142, returning the closest version; found: 140; Please update to a Selenium version that supports CDP version 142
]]></system-err>
  </testcase>
  <testcase name="runScenario[&quot;Verify navigation to different category and sub-category pages&quot;, &quot;Listing and Searching of Product&quot;](11)" classname="runner.TestRunner" time="8.369">
    <system-out><![CDATA[
@product @categoryNavigation
Scenario Outline: Verify navigation to different category and sub-category pages         # file:///Users/rahulbalashanmugam/eclipse-workspace/Learning/Hybrid-Test-Case-2-Register-User/src/test/java/features/productpage.feature:38
Browser launched before scenario
Automation Exercise
  ✔ Given Click on products button                                                       # stepDefenition.ProductPageStepDef.clickOnProductsButton()
Categories found:
 - WOMEN
 - MEN
 - KIDS
Categories are visible on the left sidebar.
  ✔ When Verify that categories are visible on left side bar                             # stepDefenition.ProductPageStepDef.verifyThatCategoriesAreVisibleOnLeftSideBar()
Clicked on category: Women
  ✔ And Click on 'Women' category                                                        # stepDefenition.ProductPageStepDef.clickOnWomenCategory(java.lang.String)
 Clicked on subcategory under Women: Tops
  ✔ And Click on 'Tops' category link under Women category                               # stepDefenition.ProductPageStepDef.clickOnAnyCategoryLinkUnderWomenCategory(java.lang.String)
Category title: WOMEN -  Tops Products
Expected Category title: WOMEN -  Tops Products
  ✔ And Verify that category page is displayed and confirm text 'WOMEN -  Tops Products' # stepDefenition.ProductPageStepDef.verifyThatCategoryPageIsDisplayedAndConfirmTextWOMENTOPSPRODUCTS(java.lang.String)
Clicked on subcategory 'Jeans' under category 'Men'
  ✔ And On left side bar, click on 'Jeans' sub-category link of 'Men' category           # stepDefenition.ProductPageStepDef.onLeftSideBarClickOnAnySubCategoryLinkOfMenCategory(java.lang.String,java.lang.String)
Category title: MEN -  Jeans PRODUCTS
Expected Category title: MEN -  Jeans PRODUCTS
  ✔ Then Verify that user is navigated to 'MEN -  Jeans PRODUCTS' category page          # stepDefenition.ProductPageStepDef.verifyThatUserIsNavigatedToThatCategoryPage(java.lang.String)
Browser closed after scenario
]]></system-out>
    <system-err><![CDATA[Nov 12, 2025 12:38:42 AM org.openqa.selenium.devtools.CdpVersionFinder findNearestMatch
WARNING: Unable to find an exact match for CDP version 142, returning the closest version; found: 140; Please update to a Selenium version that supports CDP version 142
]]></system-err>
  </testcase>
  <testcase name="runScenario[&quot;Registering the new user and delete the created user&quot;, &quot;Create, Verify and Delete the created account&quot;](12)" classname="runner.TestRunner" time="11.233">
    <system-out><![CDATA[
@registrationAndDelete @newUser
Scenario Outline: Registering the new user and delete the created user                                 # file:///Users/rahulbalashanmugam/eclipse-workspace/Learning/Hybrid-Test-Case-2-Register-User/src/test/java/features/registrationanddelete.feature:19
Browser launched before scenario
Automation Exercise
  ✔ Given Click on Signup Login button                                                                 # stepDefenition.NewDeleteUserStepDef.clickOnSignupLoginButton()
Automation Exercise - Signup / Login
Login/Signup Page Visible Successfully
  ✔ When Verify New User Signup is visible                                                             # stepDefenition.NewDeleteUserStepDef.verifyNewUserSignupIsVisible()
  ✔ And Enter name "hello", email address "r1h4l51@gmail.com"                                          # stepDefenition.NewDeleteUserStepDef.enterNameEmailAddress(java.lang.String,java.lang.String)
  ✔ And click Signup button                                                                            # stepDefenition.NewDeleteUserStepDef.clickSignupButton()
Text Present
  ✔ And Verify ENTER ACCOUNT INFORMATION is visible                                                    # stepDefenition.NewDeleteUserStepDef.verifyENTERACCOUNTINFORMATIONIsVisible()
2025-11-12T00:38:55.924438Z main ERROR Log4j API could not find a logging provider.
  ✔ And Enter the details in the Signup form from given sheetname "RegistrationDetail" and rownumber 1 # stepDefenition.NewDeleteUserStepDef.enterTheDetailsInTheSignupFormAndClickCreateAccountButton(java.lang.String,int)
Account Created Visible
  ✔ And Verify ACCOUNT CREATED is visible and click Continue button                                    # stepDefenition.NewDeleteUserStepDef.verifyACCOUNTCREATEDIsVisibleAndClickContinueButton()
Username match: hello
  ✔ And Verify Login in as "hello" is visible                                                          # stepDefenition.NewDeleteUserStepDef.verifyLoginInAsUsernameIsVisible(java.lang.String)
  ✔ And Click Delete Account button                                                                    # stepDefenition.NewDeleteUserStepDef.clickDeleteAccountButton()
Account deleted! is displayed
  ✔ Then Verify that Account Deleted is visible and click continue                                     # stepDefenition.NewDeleteUserStepDef.verify_that_account_deleted_is_visible_and_click_continue()
Browser closed after scenario
]]></system-out>
    <system-err><![CDATA[Nov 12, 2025 12:38:50 AM org.openqa.selenium.devtools.CdpVersionFinder findNearestMatch
WARNING: Unable to find an exact match for CDP version 142, returning the closest version; found: 140; Please update to a Selenium version that supports CDP version 142
]]></system-err>
  </testcase>
  <testcase name="runScenario[&quot;Registering the new user and delete the created user&quot;, &quot;Create, Verify and Delete the created account&quot;](13)" classname="runner.TestRunner" time="10.172">
    <system-out><![CDATA[
@registrationAndDelete @newUser
Scenario Outline: Registering the new user and delete the created user                                 # file:///Users/rahulbalashanmugam/eclipse-workspace/Learning/Hybrid-Test-Case-2-Register-User/src/test/java/features/registrationanddelete.feature:20
Browser launched before scenario
Automation Exercise
  ✔ Given Click on Signup Login button                                                                 # stepDefenition.NewDeleteUserStepDef.clickOnSignupLoginButton()
Automation Exercise - Signup / Login
Login/Signup Page Visible Successfully
  ✔ When Verify New User Signup is visible                                                             # stepDefenition.NewDeleteUserStepDef.verifyNewUserSignupIsVisible()
  ✔ And Enter name "Hi", email address "r1h4l52@gmail.com"                                             # stepDefenition.NewDeleteUserStepDef.enterNameEmailAddress(java.lang.String,java.lang.String)
  ✔ And click Signup button                                                                            # stepDefenition.NewDeleteUserStepDef.clickSignupButton()
Text Present
  ✔ And Verify ENTER ACCOUNT INFORMATION is visible                                                    # stepDefenition.NewDeleteUserStepDef.verifyENTERACCOUNTINFORMATIONIsVisible()
  ✔ And Enter the details in the Signup form from given sheetname "RegistrationDetail" and rownumber 2 # stepDefenition.NewDeleteUserStepDef.enterTheDetailsInTheSignupFormAndClickCreateAccountButton(java.lang.String,int)
Account Created Visible
  ✔ And Verify ACCOUNT CREATED is visible and click Continue button                                    # stepDefenition.NewDeleteUserStepDef.verifyACCOUNTCREATEDIsVisibleAndClickContinueButton()
Username match: Hi
  ✔ And Verify Login in as "Hi" is visible                                                             # stepDefenition.NewDeleteUserStepDef.verifyLoginInAsUsernameIsVisible(java.lang.String)
  ✔ And Click Delete Account button                                                                    # stepDefenition.NewDeleteUserStepDef.clickDeleteAccountButton()
Account deleted! is displayed
  ✔ Then Verify that Account Deleted is visible and click continue                                     # stepDefenition.NewDeleteUserStepDef.verify_that_account_deleted_is_visible_and_click_continue()
Browser closed after scenario
]]></system-out>
    <system-err><![CDATA[Nov 12, 2025 12:39:02 AM org.openqa.selenium.devtools.CdpVersionFinder findNearestMatch
WARNING: Unable to find an exact match for CDP version 142, returning the closest version; found: 140; Please update to a Selenium version that supports CDP version 142
]]></system-err>
  </testcase>
  <testcase name="runScenario[&quot;Register User with existing email&quot;, &quot;Create, Verify and Delete the created account&quot;](14)" classname="runner.TestRunner" time="5.54">
    <system-out><![CDATA[
@registrationAndDelete @duplicateEmailRegistration
Scenario Outline: Register User with existing email                           # file:///Users/rahulbalashanmugam/eclipse-workspace/Learning/Hybrid-Test-Case-2-Register-User/src/test/java/features/registrationanddelete.feature:32
Browser launched before scenario
Automation Exercise
  ✔ Given Click on Signup Login button                                        # stepDefenition.NewDeleteUserStepDef.clickOnSignupLoginButton()
Automation Exercise - Signup / Login
Login/Signup Page Visible Successfully
  ✔ When Verify New User Signup is visible                                    # stepDefenition.NewDeleteUserStepDef.verifyNewUserSignupIsVisible()
  ✔ And Enter name "178" and already registered email address "178@gmail.com" # stepDefenition.NewDeleteUserStepDef.enterNameAndAlreadyRegisteredEmailAddress(java.lang.String,java.lang.String)
  ✔ And click Signup button                                                   # stepDefenition.NewDeleteUserStepDef.clickSignupButton()
Actual error message on page: Email Address already exist!
Expected error message: Email Address already exist!
  ✔ Then Verify error 'Email Address already exist!' in signup is visible     # stepDefenition.NewDeleteUserStepDef.verifyErrorEmailAddressAlreadyExistInSignupIsVisible(java.lang.String)
Browser closed after scenario
]]></system-out>
    <system-err><![CDATA[Nov 12, 2025 12:39:12 AM org.openqa.selenium.devtools.CdpVersionFinder findNearestMatch
WARNING: Unable to find an exact match for CDP version 142, returning the closest version; found: 140; Please update to a Selenium version that supports CDP version 142
]]></system-err>
  </testcase>
  <testcase name="runScenario[&quot;Place Order Register while Checkout&quot;, &quot;Create, Verify and Delete the created account&quot;](15)" classname="runner.TestRunner" time="16.693">
    <system-out><![CDATA[
@registrationAndDelete @checkoutRegistration
Scenario Outline: Place Order Register while Checkout                                                  # file:///Users/rahulbalashanmugam/eclipse-workspace/Learning/Hybrid-Test-Case-2-Register-User/src/test/java/features/registrationanddelete.feature:57
Browser launched before scenario
Automation Exercise
  ✔ Given Add products to cart                                                                         # stepDefenition.NewDeleteUserStepDef.addProductsToCart()
  ✔ When Click cart button                                                                             # stepDefenition.NewDeleteUserStepDef.clickCartButton()
Cart page url is verified: https://www.automationexercise.com/view_cart
  ✔ And Verify that cart page is displayed                                                             # stepDefenition.NewDeleteUserStepDef.verifyThatCartPageIsDisplayed()
  ✔ And Click Proceed To Checkout                                                                      # stepDefenition.NewDeleteUserStepDef.clickProceedToCheckout()
  ✔ And Click RegisterLogin button                                                                     # stepDefenition.NewDeleteUserStepDef.clickRegisterLoginButton()
  ✔ And Enter name "hello", email address "r1h6l01@gmail.com"                                          # stepDefenition.NewDeleteUserStepDef.enterNameEmailAddress(java.lang.String,java.lang.String)
  ✔ And click Signup button                                                                            # stepDefenition.NewDeleteUserStepDef.clickSignupButton()
  ✔ And Enter the details in the Signup form from given sheetname "RegistrationDetail" and rownumber 1 # stepDefenition.NewDeleteUserStepDef.enterTheDetailsInTheSignupFormAndClickCreateAccountButton(java.lang.String,int)
Account Created Visible
  ✔ And Verify ACCOUNT CREATED is visible and click Continue button                                    # stepDefenition.NewDeleteUserStepDef.verifyACCOUNTCREATEDIsVisibleAndClickContinueButton()
Username match: hello
  ✔ And Verify Login in as "hello" is visible                                                          # stepDefenition.NewDeleteUserStepDef.verifyLoginInAsUsernameIsVisible(java.lang.String)
  ✔ And Click Cart button from login page                                                              # stepDefenition.NewDeleteUserStepDef.clickCartButtonFromLoginPage()
  ✔ And Click Proceed To Checkout                                                                      # stepDefenition.NewDeleteUserStepDef.clickProceedToCheckout()
Delivery address section found.
Delivery Address:
YOUR DELIVERY ADDRESS
Mr. Hi How
Gmail
Flat1
2nd Floor
CBE TN 123456
India
1234567890
Billing address section found.
Billing Address:
YOUR BILLING ADDRESS
Mr. Hi How
Gmail
Flat1
2nd Floor
CBE TN 123456
India
1234567890
📦 Order Items:
💰 Total Amount: Rs. 500
Address details and Order details are verified.
  ✔ And Verify Address Details and Review Your Order                                                   # stepDefenition.NewDeleteUserStepDef.verifyAddressDetailsAndReviewYourOrder()
  ✔ And Enter description in "Deliver it soon" text area and click Place Order                         # stepDefenition.NewDeleteUserStepDef.enterDescriptionInCommentTextAreaAndClickPlaceOrder(java.lang.String)
  ✔ And Enter payment details from given Excel Sheet "CardDetails" and rowNumber 1                     # stepDefenition.NewDeleteUserStepDef.enterPaymentDetailsFromGivenExcelSheetAndRowNumber(java.lang.String,int)
  ✔ And Click Pay and Confirm Order button                                                             # stepDefenition.NewDeleteUserStepDef.clickPayAndConfirmOrderButton()
Order placed message verified successfully!
  ✔ And Verify success message "Congratulations! Your order has been confirmed!"                       # stepDefenition.NewDeleteUserStepDef.verifySuccessMessageYourOrderHasBeenPlacedSuccessfully(java.lang.String)
  ✔ And Click Delete Account button                                                                    # stepDefenition.NewDeleteUserStepDef.clickDeleteAccountButton()
Account deleted! is displayed
  ✔ Then Verify that Account Deleted is visible and click continue                                     # stepDefenition.NewDeleteUserStepDef.verify_that_account_deleted_is_visible_and_click_continue()
Browser closed after scenario
]]></system-out>
    <system-err><![CDATA[Nov 12, 2025 12:39:17 AM org.openqa.selenium.devtools.CdpVersionFinder findNearestMatch
WARNING: Unable to find an exact match for CDP version 142, returning the closest version; found: 140; Please update to a Selenium version that supports CDP version 142
]]></system-err>
  </testcase>
  <testcase name="runScenario[&quot;Place Order Register while Checkout&quot;, &quot;Create, Verify and Delete the created account&quot;](16)" classname="runner.TestRunner" time="16.299">
    <system-out><![CDATA[
@registrationAndDelete @checkoutRegistration
Scenario Outline: Place Order Register while Checkout                                                  # file:///Users/rahulbalashanmugam/eclipse-workspace/Learning/Hybrid-Test-Case-2-Register-User/src/test/java/features/registrationanddelete.feature:58
Browser launched before scenario
Automation Exercise
  ✔ Given Add products to cart                                                                         # stepDefenition.NewDeleteUserStepDef.addProductsToCart()
  ✔ When Click cart button                                                                             # stepDefenition.NewDeleteUserStepDef.clickCartButton()
Cart page url is verified: https://www.automationexercise.com/view_cart
  ✔ And Verify that cart page is displayed                                                             # stepDefenition.NewDeleteUserStepDef.verifyThatCartPageIsDisplayed()
  ✔ And Click Proceed To Checkout                                                                      # stepDefenition.NewDeleteUserStepDef.clickProceedToCheckout()
  ✔ And Click RegisterLogin button                                                                     # stepDefenition.NewDeleteUserStepDef.clickRegisterLoginButton()
  ✔ And Enter name "Hi", email address "r1h6l02@gmail.com"                                             # stepDefenition.NewDeleteUserStepDef.enterNameEmailAddress(java.lang.String,java.lang.String)
  ✔ And click Signup button                                                                            # stepDefenition.NewDeleteUserStepDef.clickSignupButton()
  ✔ And Enter the details in the Signup form from given sheetname "RegistrationDetail" and rownumber 2 # stepDefenition.NewDeleteUserStepDef.enterTheDetailsInTheSignupFormAndClickCreateAccountButton(java.lang.String,int)
Account Created Visible
  ✔ And Verify ACCOUNT CREATED is visible and click Continue button                                    # stepDefenition.NewDeleteUserStepDef.verifyACCOUNTCREATEDIsVisibleAndClickContinueButton()
Username match: Hi
  ✔ And Verify Login in as "Hi" is visible                                                             # stepDefenition.NewDeleteUserStepDef.verifyLoginInAsUsernameIsVisible(java.lang.String)
  ✔ And Click Cart button from login page                                                              # stepDefenition.NewDeleteUserStepDef.clickCartButtonFromLoginPage()
  ✔ And Click Proceed To Checkout                                                                      # stepDefenition.NewDeleteUserStepDef.clickProceedToCheckout()
Delivery address section found.
Delivery Address:
YOUR DELIVERY ADDRESS
Mr. How are
hotmail
1 Flat
Floor 2nd
WTN Dc 654321
United States
987654321
Billing address section found.
Billing Address:
YOUR BILLING ADDRESS
Mr. How are
hotmail
1 Flat
Floor 2nd
WTN Dc 654321
United States
987654321
📦 Order Items:
💰 Total Amount: Rs. 500
Address details and Order details are verified.
  ✔ And Verify Address Details and Review Your Order                                                   # stepDefenition.NewDeleteUserStepDef.verifyAddressDetailsAndReviewYourOrder()
  ✔ And Enter description in "deliver it soon" text area and click Place Order                         # stepDefenition.NewDeleteUserStepDef.enterDescriptionInCommentTextAreaAndClickPlaceOrder(java.lang.String)
  ✔ And Enter payment details from given Excel Sheet "CardDetails" and rowNumber 2                     # stepDefenition.NewDeleteUserStepDef.enterPaymentDetailsFromGivenExcelSheetAndRowNumber(java.lang.String,int)
  ✔ And Click Pay and Confirm Order button                                                             # stepDefenition.NewDeleteUserStepDef.clickPayAndConfirmOrderButton()
Order placed message verified successfully!
  ✔ And Verify success message "Congratulations! Your order has been confirmed!"                       # stepDefenition.NewDeleteUserStepDef.verifySuccessMessageYourOrderHasBeenPlacedSuccessfully(java.lang.String)
  ✔ And Click Delete Account button                                                                    # stepDefenition.NewDeleteUserStepDef.clickDeleteAccountButton()
Account deleted! is displayed
  ✔ Then Verify that Account Deleted is visible and click continue                                     # stepDefenition.NewDeleteUserStepDef.verify_that_account_deleted_is_visible_and_click_continue()
Browser closed after scenario
]]></system-out>
    <system-err><![CDATA[Nov 12, 2025 12:39:34 AM org.openqa.selenium.devtools.CdpVersionFinder findNearestMatch
WARNING: Unable to find an exact match for CDP version 142, returning the closest version; found: 140; Please update to a Selenium version that supports CDP version 142
]]></system-err>
  </testcase>
</testsuite>