<?xml version="1.0" encoding="UTF-8"?>
<testsuite xmlns:xsi="http://www.w3.org/2001/XMLSchema-instance" xsi:noNamespaceSchemaLocation="https://maven.apache.org/surefire/maven-surefire-plugin/xsd/surefire-test-report-3.0.xsd" version="3.0" name="runner.TestRunner" time="156.01" tests="16" errors="0" skipped="0" failures="1">
  <properties>
[...]
</properties>
  <testcase name="runScenario[&quot;Verify Subscription in Cart page&quot;, &quot;Testing the functions in cart&quot;](1)" classname="runner.TestRunner" time="15.514">
    <system-out><![CDATA[
@cart @subscription
Scenario Outline: Verify Subscription in Cart page                                  # file:///Users/rahulbalashanmugam/eclipse-workspace/Learning/Hybrid-Test-Case-2-Register-User/src/test/java/features/cart.feature:14
Browser launched before scenario
Automation Exercise
  ✔ Given Click Cart button                                                         # stepDefenition.CartStepDef.clickCartButton()
  ✔ When Scroll down to footer                                                      # stepDefenition.CartStepDef.scrollDownToFooter()
Found subscription text: SUBSCRIPTION
  ✔ And Verify text 'SUBSCRIPTION'                                                  # stepDefenition.CartStepDef.verifyTextSUBSCRIPTION(java.lang.String)
  ✔ And Enter email "178@gmail" in input and click arrow button                     # stepDefenition.CartStepDef.enterEmailAddressInInputAndClickArrowButton(java.lang.String)
Success message is visible: You have been successfully subscribed!
  ✔ Then Verify success message 'You have been successfully subscribed!' is visible # stepDefenition.CartStepDef.verifySuccessMessageYouHaveBeenSuccessfullySubscribedIsVisible(java.lang.String)
Browser closed after scenario
]]></system-out>
    <system-err><![CDATA[SLF4J(W): No SLF4J providers were found.
SLF4J(W): Defaulting to no-operation (NOP) logger implementation
SLF4J(W): See https://www.slf4j.org/codes.html#noProviders for further details.
Nov 12, 2025 12:37:21 AM org.openqa.selenium.devtools.CdpVersionFinder findNearestMatch
WARNING: Unable to find an exact match for CDP version 142, returning the closest version; found: 140; Please update to a Selenium version that supports CDP version 142
]]></system-err>
  </testcase>
  <testcase name="runScenario[&quot;Add Products in Cart&quot;, &quot;Testing the functions in cart&quot;](2)" classname="runner.TestRunner" time="8.589">
    <failure message="element click intercepted: Element &lt;a data-product-id=&quot;1&quot; class=&quot;btn btn-default add-to-cart&quot;&gt;...&lt;/a&gt; is not clickable at point (385, 16). Other element would receive the click: &lt;a data-product-id=&quot;1&quot; class=&quot;btn btn-default add-to-cart&quot;&gt;...&lt;/a&gt;&#10;  (Session info: chrome=142.0.7444.135)&#10;Build info: version: &apos;4.36.0&apos;, revision: &apos;6d115cfd87&apos;&#10;System info: os.name: &apos;Mac OS X&apos;, os.arch: &apos;aarch64&apos;, os.version: &apos;26.1&apos;, java.version: &apos;23.0.2&apos;&#10;Driver info: org.openqa.selenium.chrome.ChromeDriver&#10;Command: [448a534620cbf4f248273034af45c33d, clickElement {id=f.FE0B6CD63EDBEED1E844EABB28A6FF35.d.31AC7DB7D957E3DAE94B110B73E262DA.e.321}]&#10;Capabilities {acceptInsecureCerts: false, browserName: chrome, browserVersion: 142.0.7444.135, chrome: {chromedriverVersion: 142.0.7444.162 (c076baf266c..., userDataDir: /var/folders/fq/g0kvv0p944x...}, fedcm:accounts: true, goog:chromeOptions: {debuggerAddress: localhost:51278}, goog:processID: 73582, networkConnectionEnabled: false, pageLoadStrategy: normal, platformName: mac, proxy: Proxy(), se:cdp: ws://localhost:51278/devtoo..., se:cdpVersion: 142.0.7444.135, setWindowRect: true, strictFileInteractability: false, timeouts: {implicit: 0, pageLoad: 300000, script: 30000}, unhandledPromptBehavior: dismiss and notify, webauthn:extension:credBlob: true, webauthn:extension:largeBlob: true, webauthn:extension:minPinLength: true, webauthn:extension:prf: true, webauthn:virtualAuthenticators: true}&#10;Element: [[ChromeDriver: chrome on mac (448a534620cbf4f248273034af45c33d)] -&gt; link text: Add to cart]&#10;Session ID: 448a534620cbf4f248273034af45c33d" type="org.openqa.selenium.ElementClickInterceptedException"><![CDATA[org.openqa.selenium.ElementClickInterceptedException: 
element click intercepted: Element <a data-product-id="1" class="btn btn-default add-to-cart">...</a> is not clickable at point (385, 16). Other element would receive the click: <a data-product-id="1" class="btn btn-default add-to-cart">...</a>
  (Session info: chrome=142.0.7444.135)
Build info: version: '4.36.0', revision: '6d115cfd87'
System info: os.name: 'Mac OS X', os.arch: 'aarch64', os.version: '26.1', java.version: '23.0.2'
Driver info: org.openqa.selenium.chrome.ChromeDriver
Command: [448a534620cbf4f248273034af45c33d, clickElement {id=f.FE0B6CD63EDBEED1E844EABB28A6FF35.d.31AC7DB7D957E3DAE94B110B73E262DA.e.321}]
Capabilities {acceptInsecureCerts: false, browserName: chrome, browserVersion: 142.0.7444.135, chrome: {chromedriverVersion: 142.0.7444.162 (c076baf266c..., userDataDir: /var/folders/fq/g0kvv0p944x...}, fedcm:accounts: true, goog:chromeOptions: {debuggerAddress: localhost:51278}, goog:processID: 73582, networkConnectionEnabled: false, pageLoadStrategy: normal, platformName: mac, proxy: Proxy(), se:cdp: ws://localhost:51278/devtoo..., se:cdpVersion: 142.0.7444.135, setWindowRect: true, strictFileInteractability: false, timeouts: {implicit: 0, pageLoad: 300000, script: 30000}, unhandledPromptBehavior: dismiss and notify, webauthn:extension:credBlob: true, webauthn:extension:largeBlob: true, webauthn:extension:minPinLength: true, webauthn:extension:prf: true, webauthn:virtualAuthenticators: true}
Element: [[ChromeDriver: chrome on mac (448a534620cbf4f248273034af45c33d)] -> link text: Add to cart]
Session ID: 448a534620cbf4f248273034af45c33d
	at java.base/jdk.internal.reflect.DirectConstructorHandleAccessor.newInstance(DirectConstructorHandleAccessor.java:62)
	at java.base/java.lang.reflect.Constructor.newInstanceWithCaller(Constructor.java:501)
	at java.base/java.lang.reflect.Constructor.newInstance(Constructor.java:485)
	at org.openqa.selenium.remote.ErrorCodec.decode(ErrorCodec.java:167)
	at org.openqa.selenium.remote.codec.w3c.W3CHttpResponseCodec.decode(W3CHttpResponseCodec.java:138)
	at org.openqa.selenium.remote.codec.w3c.W3CHttpResponseCodec.decode(W3CHttpResponseCodec.java:50)
	at org.openqa.selenium.remote.HttpCommandExecutor.execute(HttpCommandExecutor.java:215)
	at org.openqa.selenium.remote.service.DriverCommandExecutor.invokeExecute(DriverCommandExecutor.java:216)
	at org.openqa.selenium.remote.service.DriverCommandExecutor.execute(DriverCommandExecutor.java:174)
	at org.openqa.selenium.remote.RemoteWebDriver.execute(RemoteWebDriver.java:557)
	at org.openqa.selenium.remote.RemoteWebElement.execute(RemoteWebElement.java:223)
	at org.openqa.selenium.remote.RemoteWebElement.click(RemoteWebElement.java:76)
	at flows.CartFlow.hoverOverFirstProductAddToCart(CartFlow.java:75)
	at stepDefenition.CartStepDef.hoverOverFirstProductAndClickAddToCart(CartStepDef.java:51)
	at ✽.Hover over first product and click add to cart(file:///Users/rahulbalashanmugam/eclipse-workspace/Learning/Hybrid-Test-Case-2-Register-User/src/test/java/features/cart.feature:19)
]]></failure>
    <system-out><![CDATA[
@cart @addProductInCart
Scenario: Add Products in Cart                          # file:///Users/rahulbalashanmugam/eclipse-workspace/Learning/Hybrid-Test-Case-2-Register-User/src/test/java/features/cart.feature:17
Browser launched before scenario
Automation Exercise
  ✔ Given Click products button                         # stepDefenition.CartStepDef.clickProductsButton()
  ✘ When Hover over first product and click add to cart # stepDefenition.CartStepDef.hoverOverFirstProductAndClickAddToCart()
        org.openqa.selenium.ElementClickInterceptedException: element click intercepted: Element <a data-product-id="1" class="btn btn-default add-to-cart">...</a> is not clickable at point (385, 16). Other element would receive the click: <a data-product-id="1" class="btn btn-default add-to-cart">...</a>
          (Session info: chrome=142.0.7444.135)
        Build info: version: '4.36.0', revision: '6d115cfd87'
        System info: os.name: 'Mac OS X', os.arch: 'aarch64', os.version: '26.1', java.version: '23.0.2'
        Driver info: org.openqa.selenium.chrome.ChromeDriver
        Command: [448a534620cbf4f248273034af45c33d, clickElement {id=f.FE0B6CD63EDBEED1E844EABB28A6FF35.d.31AC7DB7D957E3DAE94B110B73E262DA.e.321}]
        Capabilities {acceptInsecureCerts: false, browserName: chrome, browserVersion: 142.0.7444.135, chrome: {chromedriverVersion: 142.0.7444.162 (c076baf266c..., userDataDir: /var/folders/fq/g0kvv0p944x...}, fedcm:accounts: true, goog:chromeOptions: {debuggerAddress: localhost:51278}, goog:processID: 73582, networkConnectionEnabled: false, pageLoadStrategy: normal, platformName: mac, proxy: Proxy(), se:cdp: ws://localhost:51278/devtoo..., se:cdpVersion: 142.0.7444.135, setWindowRect: true, strictFileInteractability: false, timeouts: {implicit: 0, pageLoad: 300000, script: 30000}, unhandledPromptBehavior: dismiss and notify, webauthn:extension:credBlob: true, webauthn:extension:largeBlob: true, webauthn:extension:minPinLength: true, webauthn:extension:prf: true, webauthn:virtualAuthenticators: true}
        Element: [[ChromeDriver: chrome on mac (448a534620cbf4f248273034af45c33d)] -> link text: Add to cart]
        Session ID: 448a534620cbf4f248273034af45c33d
        	at java.base/jdk.internal.reflect.DirectConstructorHandleAccessor.newInstance(DirectConstructorHandleAccessor.java:62)
        	at java.base/java.lang.reflect.Constructor.newInstanceWithCaller(Constructor.java:501)
        	at java.base/java.lang.reflect.Constructor.newInstance(Constructor.java:485)
        	at org.openqa.selenium.remote.ErrorCodec.decode(ErrorCodec.java:167)
        	at org.openqa.selenium.remote.codec.w3c.W3CHttpResponseCodec.decode(W3CHttpResponseCodec.java:138)
        	at org.openqa.selenium.remote.codec.w3c.W3CHttpResponseCodec.decode(W3CHttpResponseCodec.java:50)
        	at org.openqa.selenium.remote.HttpCommandExecutor.execute(HttpCommandExecutor.java:215)
        	at org.openqa.selenium.remote.service.DriverCommandExecutor.invokeExecute(DriverCommandExecutor.java:216)
        	at org.openqa.selenium.remote.service.DriverCommandExecutor.execute(DriverCommandExecutor.java:174)
        	at org.openqa.selenium.remote.RemoteWebDriver.execute(RemoteWebDriver.java:557)
        	at org.openqa.selenium.remote.RemoteWebElement.execute(RemoteWebElement.java:223)
        	at org.openqa.selenium.remote.RemoteWebElement.click(RemoteWebElement.java:76)
        	at flows.CartFlow.hoverOverFirstProductAddToCart(CartFlow.java:75)
        	at stepDefenition.CartStepDef.hoverOverFirstProductAndClickAddToCart(CartStepDef.java:51)
        	at ✽.Hover over first product and click add to cart(file:///Users/rahulbalashanmugam/eclipse-workspace/Learning/Hybrid-Test-Case-2-Register-User/src/test/java/features/cart.feature:19)
  ↷ And Click Continue Shopping button                  # stepDefenition.CartStepDef.clickContinueShoppingButton()
  ↷ And Hover over second product and click add to cart # stepDefenition.CartStepDef.hoverOverSecondProductAndClickAddToCart()
  ↷ And Click view Cart link                            # stepDefenition.CartStepDef.clickViewCartLink()
  ↷ And Verify both products are added to Cart          # stepDefenition.CartStepDef.verifyBothProductsAreAddedToCart()
  ↷ Then Verify their prices, quantity and total price  # stepDefenition.CartStepDef.verifyTheirPricesQuantityAndTotalPrice()
Browser closed after scenario
]]></system-out>
    <system-err><![CDATA[Nov 12, 2025 12:37:31 AM org.openqa.selenium.devtools.CdpVersionFinder findNearestMatch
WARNING: Unable to find an exact match for CDP version 142, returning the closest version; found: 140; Please update to a Selenium version that supports CDP version 142
]]></system-err>
  </testcase>
  <testcase name="runScenario[&quot;Verify Product quantity in Cart&quot;, &quot;Testing the functions in cart&quot;](3)" classname="runner.TestRunner" time="5.83">
    <system-out><![CDATA[
@cart @increaseQuantity
Scenario Outline: Verify Product quantity in Cart                          # file:///Users/rahulbalashanmugam/eclipse-workspace/Learning/Hybrid-Test-Case-2-Register-User/src/test/java/features/cart.feature:36
Browser launched before scenario
Automation Exercise
  ✔ Given Click view Product for any product on home page                  # stepDefenition.CartStepDef.clickViewProductForAnyProductOnHomePage()
We are on the product page!
  ✔ When Verify product detail is opened                                   # stepDefenition.CartStepDef.verifyProductDetailIsOpened()
  ✔ And Increase quantity to "4"                                           # stepDefenition.CartStepDef.increaseQuantityTo(java.lang.String)
  ✔ And Click on add to cart button                                        # stepDefenition.CartStepDef.clickOnAddToCartButton()
Verified: Product quantity is 4
  ✔ Then Verify that product is displayed in cart page with exact quantity # stepDefenition.CartStepDef.verifyThatProductIsDisplayedInCartPageWithExactQuantity()
Browser closed after scenario
]]></system-out>
    <system-err><![CDATA[Nov 12, 2025 12:37:39 AM org.openqa.selenium.devtools.CdpVersionFinder findNearestMatch
WARNING: Unable to find an exact match for CDP version 142, returning the closest version; found: 140; Please update to a Selenium version that supports CDP version 142
]]></system-err>
  </testcase>
  <testcase name="runScenario[&quot;Remove Products From Cart&quot;, &quot;Testing the functions in cart&quot;](4)" classname="runner.TestRunner" time="17.624">
    <system-out><![CDATA[
@cart @removeProduct
Scenario: Remove Products From Cart                        # file:///Users/rahulbalashanmugam/eclipse-workspace/Learning/Hybrid-Test-Case-2-Register-User/src/test/java/features/cart.feature:39
Browser launched before scenario
Automation Exercise
  ✔ Given Click products button                            # stepDefenition.CartStepDef.clickProductsButton()
  ✔ When Hover over first product and click add to cart    # stepDefenition.CartStepDef.hoverOverFirstProductAndClickAddToCart()
  ✔ And Click Continue Shopping button                     # stepDefenition.CartStepDef.clickContinueShoppingButton()
  ✔ And Hover over second product and click add to cart    # stepDefenition.CartStepDef.hoverOverSecondProductAndClickAddToCart()
  ✔ And Click view Cart link                               # stepDefenition.CartStepDef.clickViewCartLink()
Cart page url is verified: https://www.automationexercise.com/view_cart
  ✔ And Verify cart page is displayed                      # stepDefenition.CartStepDef.verifyCartPageIsDisplayed()
Clicked delete (X) button for product: Men Tshirt
  ✔ And Click X button corresponding to particular product # stepDefenition.CartStepDef.clickXButtonCorrespondingToParticularProduct()
Product 'Men Tshirt' successfully removed from the cart.
  ✔ Then Verify that product is removed from the cart      # stepDefenition.CartStepDef.verifyThatProductIsRemovedFromTheCart()
Browser closed after scenario
]]></system-out>
    <system-err><![CDATA[Nov 12, 2025 12:37:45 AM org.openqa.selenium.devtools.CdpVersionFinder findNearestMatch
WARNING: Unable to find an exact match for CDP version 142, returning the closest version; found: 140; Please update to a Selenium version that supports CDP version 142
]]></system-err>
  </testcase>
  <testcase name="runScenario[&quot;Login and Logout with credentials&quot;, &quot;Login and Logout the existing account&quot;](5)" classname="runner.TestRunner" time="7.556">
    <system-out><![CDATA[
@loginLogout @validLogin
Scenario Outline: Login and Logout with credentials         # file:///Users/rahulbalashanmugam/eclipse-workspace/Learning/Hybrid-Test-Case-2-Register-User/src/test/java/features/loginlogout.feature:15
Browser launched before scenario
Automation Exercise
  ✔ Given Click Signup Login button                         # stepDefenition.LoginLogoutStepDef.clickSignupLoginButton()
  ✔ When Enter the email "178@gmail.com" and password "178" # stepDefenition.LoginLogoutStepDef.enterTheCorrectEmailAndPassword(java.lang.String,java.lang.String)
  ✔ And Click the login button                              # stepDefenition.LoginLogoutStepDef.clickTheLoginButton()
Username mismatch. Expected: Login as username is visible, Found: 178
  ✔ And Verify "Login as username is visible"               # stepDefenition.LoginLogoutStepDef.verifyLoginAsUsernameIsVisible(java.lang.String)
  ✔ And Click the Logout button                             # stepDefenition.LoginLogoutStepDef.clickTheLogoutButton()
Automation Exercise - Signup / Login
Login/Signup Page Visible Successfully
  ✔ Then Verify it is navigated to the login page           # stepDefenition.LoginLogoutStepDef.verifyItIsNavigatedToTheLoginPage()
Browser closed after scenario
]]></system-out>
    <system-err><![CDATA[Nov 12, 2025 12:38:03 AM org.openqa.selenium.devtools.CdpVersionFinder findNearestMatch
WARNING: Unable to find an exact match for CDP version 142, returning the closest version; found: 140; Please update to a Selenium version that supports CDP version 142
]]></system-err>
  </testcase>
  <testcase name="runScenario[&quot;Login User with incorrect email and password&quot;, &quot;Login and Logout the existing account&quot;](6)" classname="runner.TestRunner" time="6.019">
    <system-out><![CDATA[
@loginLogout @invalidLogin
Scenario Outline: Login User with incorrect email and password          # file:///Users/rahulbalashanmugam/eclipse-workspace/Learning/Hybrid-Test-Case-2-Register-User/src/test/java/features/loginlogout.feature:26
Browser launched before scenario
Automation Exercise
  ✔ Given Click Signup Login button                                     # stepDefenition.LoginLogoutStepDef.clickSignupLoginButton()
  ✔ When Enter the incorrect email "178@gmail.com" and password "171"   # stepDefenition.LoginLogoutStepDef.enterTheIncorrectEmailAndPassword(java.lang.String,java.lang.String)
  ✔ And Click the login button                                          # stepDefenition.LoginLogoutStepDef.clickTheLoginButton()
Actual error message on page: Your email or password is incorrect!
Expected error message: Your email or password is incorrect!
  ✔ Then Verify error "Your email or password is incorrect!" is visible # stepDefenition.LoginLogoutStepDef.verifyErrorYourEmailOrPasswordIsIncorrectIsVisible(java.lang.String)
Browser closed after scenario
]]></system-out>
    <system-err><![CDATA[Nov 12, 2025 12:38:10 AM org.openqa.selenium.devtools.CdpVersionFinder findNearestMatch
WARNING: Unable to find an exact match for CDP version 142, returning the closest version; found: 140; Please update to a Selenium version that supports CDP version 142
]]></system-err>
  </testcase>
  <testcase name="runScenario[&quot;Verify All Products and product detail page&quot;, &quot;Listing and Searching of Product&quot;](7)" classname="runner.TestRunner" time="6.65">
    <system-out><![CDATA[
@product @allProduct
Scenario: Verify All Products and product detail page               # file:///Users/rahulbalashanmugam/eclipse-workspace/Learning/Hybrid-Test-Case-2-Register-User/src/test/java/features/productpage.feature:5
Browser launched before scenario
Automation Exercise
  ✔ Given Click on products button                                  # stepDefenition.ProductPageStepDef.clickOnProductsButton()
User is in product pageAutomation Exercise - All Products
  ✔ When Verify user is navigated to All Products page successfully # stepDefenition.ProductPageStepDef.verifyUserIsNavigatedToAllProductsPageSuccessfully()
  ✔ And The products list is visible                                # stepDefenition.ProductPageStepDef.theProductsListIsVisible()
  ✔ And Click on View Product of first product                      # stepDefenition.ProductPageStepDef.clickOnViewProductOfFirstProduct()
Automation Exercise - Product Details
  ✔ And User is landed to product detail page                       # stepDefenition.ProductPageStepDef.userIsLandedToProductDetailPage()
Name: Blue Top
Category: Category: Women > Tops
Price: Rs. 500
Availability: Availability: In Stock
Condition: Condition: New
Brand: Brand: Polo
Name: Blue Top
Category: Category: Women > Tops
Price: Rs. 500
Availability: Availability: In Stock
Condition: Condition: New
Brand: Brand: Polo
  ✔ Then Verify that detail detail is visible                       # stepDefenition.ProductPageStepDef.verifyThatDetailDetailIsVisibleProductNameCategoryPriceAvailabilityConditionBrand()
Browser closed after scenario
]]></system-out>
    <system-err><![CDATA[Nov 12, 2025 12:38:16 AM org.openqa.selenium.devtools.CdpVersionFinder findNearestMatch
WARNING: Unable to find an exact match for CDP version 142, returning the closest version; found: 140; Please update to a Selenium version that supports CDP version 142
]]></system-err>
  </testcase>
  <testcase name="runScenario[&quot;Verify searched product is listed&quot;, &quot;Listing and Searching of Product&quot;](8)" classname="runner.TestRunner" time="6.649">
    <system-out><![CDATA[
@product @searchProduct
Scenario Outline: Verify searched product is listed                      # file:///Users/rahulbalashanmugam/eclipse-workspace/Learning/Hybrid-Test-Case-2-Register-User/src/test/java/features/productpage.feature:22
Browser launched before scenario
Automation Exercise
  ✔ Given Click on products button                                       # stepDefenition.ProductPageStepDef.clickOnProductsButton()
User is in product pageAutomation Exercise - All Products
  ✔ When Verify user is navigated to All Products page successfully      # stepDefenition.ProductPageStepDef.verifyUserIsNavigatedToAllProductsPageSuccessfully()
  ✔ And Enter product "Blue Top" in search input and click search button # stepDefenition.ProductPageStepDef.enterProductNameInSearchInputAndClickSearchButton(java.lang.String)
Product 'Blue Top' is visible
  ✔ Then Verify "Blue Top" is visible                                    # stepDefenition.ProductPageStepDef.verifySearchedProductIsVisible(java.lang.String)
Browser closed after scenario
]]></system-out>
    <system-err><![CDATA[Nov 12, 2025 12:38:23 AM org.openqa.selenium.devtools.CdpVersionFinder findNearestMatch
WARNING: Unable to find an exact match for CDP version 142, returning the closest version; found: 140; Please update to a Selenium version that supports CDP version 142
]]></system-err>
  </testcase>
  <testcase name="runScenario[&quot;Verify searched product is listed&quot;, &quot;Listing and Searching of Product&quot;](9)" classname="runner.TestRunner" time="5.993">
    <system-out><![CDATA[
@product @searchProduct
Scenario Outline: Verify searched product is listed                        # file:///Users/rahulbalashanmugam/eclipse-workspace/Learning/Hybrid-Test-Case-2-Register-User/src/test/java/features/productpage.feature:23
Browser launched before scenario
Automation Exercise
  ✔ Given Click on products button                                         # stepDefenition.ProductPageStepDef.clickOnProductsButton()
User is in product pageAutomation Exercise - All Products
  ✔ When Verify user is navigated to All Products page successfully        # stepDefenition.ProductPageStepDef.verifyUserIsNavigatedToAllProductsPageSuccessfully()
  ✔ And Enter product "Winter Top" in search input and click search button # stepDefenition.ProductPageStepDef.enterProductNameInSearchInputAndClickSearchButton(java.lang.String)
Product 'Winter Top' is visible
  ✔ Then Verify "Winter Top" is visible                                    # stepDefenition.ProductPageStepDef.verifySearchedProductIsVisible(java.lang.String)
Browser closed after scenario
]]></system-out>
    <system-err><![CDATA[Nov 12, 2025 12:38:30 AM org.openqa.selenium.devtools.CdpVersionFinder findNearestMatch
WARNING: Unable to find an exact match for CDP version 142, returning the closest version; found: 140; Please update to a Selenium version that supports CDP version 142
]]></system-err>
  </testcase>
  <testcase name="runScenario[&quot;Verify searched product is listed&quot;, &quot;Listing and Searching of Product&quot;](10)" classname="runner.TestRunner" time="6.324">
    <system-out><![CDATA[
@product @searchProduct
Scenario Outline: Verify searched product is listed                                         # file:///Users/rahulbalashanmugam/eclipse-workspace/Learning/Hybrid-Test-Case-2-Register-User/src/test/java/features/productpage.feature:24
Browser launched before scenario
Automation Exercise
  ✔ Given Click on products button                                                          # stepDefenition.ProductPageStepDef.clickOnProductsButton()
User is in product pageAutomation Exercise - All Products
  ✔ When Verify user is navigated to All Products page successfully                         # stepDefenition.ProductPageStepDef.verifyUserIsNavigatedToAllProductsPageSuccessfully()
  ✔ And Enter product "Sleeves Printed Top - White" in search input and click search button # stepDefenition.ProductPageStepDef.enterProductNameInSearchInputAndClickSearchButton(java.lang.String)
Product 'Sleeves Printed Top - White' is visible
  ✔ Then Verify "Sleeves Printed Top - White" is visible                                    # stepDefenition.ProductPageStepDef.verifySearchedProductIsVisible(java.lang.String)
Browser closed after scenario
]]></system-out>
    <system-err><![CDATA[Nov 12, 2025 12:38:36 AM org.openqa.selenium.devtools.CdpVersionFinder findNearestMatch
WARNING: Unable to find an exact match for CDP version 142, returning the closest version; found: 140; Please update to a Selenium version that supports CDP version 142
]]></system-err>
  </testcase>
  <testcase name="runScenario[&quot;Verify navigation to different category and sub-category pages&quot;, &quot;Listing and Searching of Product&quot;](11)" classname="runner.TestRunner" time="8.369">
    <system-out><![CDATA[
@product @categoryNavigation
Scenario Outline: Verify navigation to different category and sub-category pages         # file:///Users/rahulbalashanmugam/eclipse-workspace/Learning/Hybrid-Test-Case-2-Register-User/src/test/java/features/productpage.feature:38
Browser launched before scenario
Automation Exercise
  ✔ Given Click on products button                                                       # stepDefenition.ProductPageStepDef.clickOnProductsButton()
Categories found:
 - WOMEN
 - MEN
 - KIDS
Categories are visible on the left sidebar.
  ✔ When Verify that categories are visible on left side bar                             # stepDefenition.ProductPageStepDef.verifyThatCategoriesAreVisibleOnLeftSideBar()
Clicked on category: Women
  ✔ And Click on 'Women' category                                                        # stepDefenition.ProductPageStepDef.clickOnWomenCategory(java.lang.String)
 Clicked on subcategory under Women: Tops
  ✔ And Click on 'Tops' category link under Women category                               # stepDefenition.ProductPageStepDef.clickOnAnyCategoryLinkUnderWomenCategory(java.lang.String)
Category title: WOMEN -  Tops Products
Expected Category title: WOMEN -  Tops Products
  ✔ And Verify that category page is displayed and confirm text 'WOMEN -  Tops Products' # stepDefenition.ProductPageStepDef.verifyThatCategoryPageIsDisplayedAndConfirmTextWOMENTOPSPRODUCTS(java.lang.String)
Clicked on subcategory 'Jeans' under category 'Men'
  ✔ And On left side bar, click on 'Jeans' sub-category link of 'Men' category           # stepDefenition.ProductPageStepDef.onLeftSideBarClickOnAnySubCategoryLinkOfMenCategory(java.lang.String,java.lang.String)
Category title: MEN -  Jeans PRODUCTS
Expected Category title: MEN -  Jeans PRODUCTS
  ✔ Then Verify that user is navigated to 'MEN -  Jeans PRODUCTS' category page          # stepDefenition.ProductPageStepDef.verifyThatUserIsNavigatedToThatCategoryPage(java.lang.String)
Browser closed after scenario
]]></system-out>
    <system-err><![CDATA[Nov 12, 2025 12:38:42 AM org.openqa.selenium.devtools.CdpVersionFinder findNearestMatch
WARNING: Unable to find an exact match for CDP version 142, returning the closest version; found: 140; Please update to a Selenium version that supports CDP version 142
]]></system-err>
  </testcase>
  <testcase name="runScenario[&quot;Registering the new user and delete the created user&quot;, &quot;Create, Verify and Delete the created account&quot;](12)" classname="runner.TestRunner" time="11.233">
    <system-out><![CDATA[
@registrationAndDelete @newUser
Scenario Outline: Registering the new user and delete the created user                                 # file:///Users/rahulbalashanmugam/eclipse-workspace/Learning/Hybrid-Test-Case-2-Register-User/src/test/java/features/registrationanddelete.feature:19
Browser launched before scenario
Automation Exercise
  ✔ Given Click on Signup Login button                                                                 # stepDefenition.NewDeleteUserStepDef.clickOnSignupLoginButton()
Automation Exercise - Signup / Login
Login/Signup Page Visible Successfully
  ✔ When Verify New User Signup is visible                                                             # stepDefenition.NewDeleteUserStepDef.verifyNewUserSignupIsVisible()
  ✔ And Enter name "hello", email address "r1h4l51@gmail.com"                                          # stepDefenition.NewDeleteUserStepDef.enterNameEmailAddress(java.lang.String,java.lang.String)
  ✔ And click Signup button                                                                            # stepDefenition.NewDeleteUserStepDef.clickSignupButton()
Text Present
  ✔ And Verify ENTER ACCOUNT INFORMATION is visible                                                    # stepDefenition.NewDeleteUserStepDef.verifyENTERACCOUNTINFORMATIONIsVisible()
2025-11-12T00:38:55.924438Z main ERROR Log4j API could not find a logging provider.
  ✔ And Enter the details in the Signup form from given sheetname "RegistrationDetail" and rownumber 1 # stepDefenition.NewDeleteUserStepDef.enterTheDetailsInTheSignupFormAndClickCreateAccountButton(java.lang.String,int)
Account Created Visible
  ✔ And Verify ACCOUNT CREATED is visible and click Continue button                                    # stepDefenition.NewDeleteUserStepDef.verifyACCOUNTCREATEDIsVisibleAndClickContinueButton()
Username match: hello
  ✔ And Verify Login in as "hello" is visible                                                          # stepDefenition.NewDeleteUserStepDef.verifyLoginInAsUsernameIsVisible(java.lang.String)
  ✔ And Click Delete Account button                                                                    # stepDefenition.NewDeleteUserStepDef.clickDeleteAccountButton()
Account deleted! is displayed
  ✔ Then Verify that Account Deleted is visible and click continue                                     # stepDefenition.NewDeleteUserStepDef.verify_that_account_deleted_is_visible_and_click_continue()
Browser closed after scenario
]]></system-out>
    <system-err><![CDATA[Nov 12, 2025 12:38:50 AM org.openqa.selenium.devtools.CdpVersionFinder findNearestMatch
WARNING: Unable to find an exact match for CDP version 142, returning the closest version; found: 140; Please update to a Selenium version that supports CDP version 142
]]></system-err>
  </testcase>
  <testcase name="runScenario[&quot;Registering the new user and delete the created user&quot;, &quot;Create, Verify and Delete the created account&quot;](13)" classname="runner.TestRunner" time="10.172">
    <system-out><![CDATA[
@registrationAndDelete @newUser
Scenario Outline: Registering the new user and delete the created user                                 # file:///Users/rahulbalashanmugam/eclipse-workspace/Learning/Hybrid-Test-Case-2-Register-User/src/test/java/features/registrationanddelete.feature:20
Browser launched before scenario
Automation Exercise
  ✔ Given Click on Signup Login button                                                                 # stepDefenition.NewDeleteUserStepDef.clickOnSignupLoginButton()
Automation Exercise - Signup / Login
Login/Signup Page Visible Successfully
  ✔ When Verify New User Signup is visible                                                             # stepDefenition.NewDeleteUserStepDef.verifyNewUserSignupIsVisible()
  ✔ And Enter name "Hi", email address "r1h4l52@gmail.com"                                             # stepDefenition.NewDeleteUserStepDef.enterNameEmailAddress(java.lang.String,java.lang.String)
  ✔ And click Signup button                                                                            # stepDefenition.NewDeleteUserStepDef.clickSignupButton()
Text Present
  ✔ And Verify ENTER ACCOUNT INFORMATION is visible                                                    # stepDefenition.NewDeleteUserStepDef.verifyENTERACCOUNTINFORMATIONIsVisible()
  ✔ And Enter the details in the Signup form from given sheetname "RegistrationDetail" and rownumber 2 # stepDefenition.NewDeleteUserStepDef.enterTheDetailsInTheSignupFormAndClickCreateAccountButton(java.lang.String,int)
Account Created Visible
  ✔ And Verify ACCOUNT CREATED is visible and click Continue button                                    # stepDefenition.NewDeleteUserStepDef.verifyACCOUNTCREATEDIsVisibleAndClickContinueButton()
Username match: Hi
  ✔ And Verify Login in as "Hi" is visible                                                             # stepDefenition.NewDeleteUserStepDef.verifyLoginInAsUsernameIsVisible(java.lang.String)
  ✔ And Click Delete Account button                                                                    # stepDefenition.NewDeleteUserStepDef.clickDeleteAccountButton()
Account deleted! is displayed
  ✔ Then Verify that Account Deleted is visible and click continue                                     # stepDefenition.NewDeleteUserStepDef.verify_that_account_deleted_is_visible_and_click_continue()
Browser closed after scenario
]]></system-out>
    <system-err><![CDATA[Nov 12, 2025 12:39:02 AM org.openqa.selenium.devtools.CdpVersionFinder findNearestMatch
WARNING: Unable to find an exact match for CDP version 142, returning the closest version; found: 140; Please update to a Selenium version that supports CDP version 142
]]></system-err>
  </testcase>
  <testcase name="runScenario[&quot;Register User with existing email&quot;, &quot;Create, Verify and Delete the created account&quot;](14)" classname="runner.TestRunner" time="5.54">
    <system-out><![CDATA[
@registrationAndDelete @duplicateEmailRegistration
Scenario Outline: Register User with existing email                           # file:///Users/rahulbalashanmugam/eclipse-workspace/Learning/Hybrid-Test-Case-2-Register-User/src/test/java/features/registrationanddelete.feature:32
Browser launched before scenario
Automation Exercise
  ✔ Given Click on Signup Login button                                        # stepDefenition.NewDeleteUserStepDef.clickOnSignupLoginButton()
Automation Exercise - Signup / Login
Login/Signup Page Visible Successfully
  ✔ When Verify New User Signup is visible                                    # stepDefenition.NewDeleteUserStepDef.verifyNewUserSignupIsVisible()
  ✔ And Enter name "178" and already registered email address "178@gmail.com" # stepDefenition.NewDeleteUserStepDef.enterNameAndAlreadyRegisteredEmailAddress(java.lang.String,java.lang.String)
  ✔ And click Signup button                                                   # stepDefenition.NewDeleteUserStepDef.clickSignupButton()
Actual error message on page: Email Address already exist!
Expected error message: Email Address already exist!
  ✔ Then Verify error 'Email Address already exist!' in signup is visible     # stepDefenition.NewDeleteUserStepDef.verifyErrorEmailAddressAlreadyExistInSignupIsVisible(java.lang.String)
Browser closed after scenario
]]></system-out>
    <system-err><![CDATA[Nov 12, 2025 12:39:12 AM org.openqa.selenium.devtools.CdpVersionFinder findNearestMatch
WARNING: Unable to find an exact match for CDP version 142, returning the closest version; found: 140; Please update to a Selenium version that supports CDP version 142
]]></system-err>
  </testcase>
  <testcase name="runScenario[&quot;Place Order Register while Checkout&quot;, &quot;Create, Verify and Delete the created account&quot;](15)" classname="runner.TestRunner" time="16.693">
    <system-out><![CDATA[
@registrationAndDelete @checkoutRegistration
Scenario Outline: Place Order Register while Checkout                                                  # file:///Users/rahulbalashanmugam/eclipse-workspace/Learning/Hybrid-Test-Case-2-Register-User/src/test/java/features/registrationanddelete.feature:57
Browser launched before scenario
Automation Exercise
  ✔ Given Add products to cart                                                                         # stepDefenition.NewDeleteUserStepDef.addProductsToCart()
  ✔ When Click cart button                                                                             # stepDefenition.NewDeleteUserStepDef.clickCartButton()
Cart page url is verified: https://www.automationexercise.com/view_cart
  ✔ And Verify that cart page is displayed                                                             # stepDefenition.NewDeleteUserStepDef.verifyThatCartPageIsDisplayed()
  ✔ And Click Proceed To Checkout                                                                      # stepDefenition.NewDeleteUserStepDef.clickProceedToCheckout()
  ✔ And Click RegisterLogin button                                                                     # stepDefenition.NewDeleteUserStepDef.clickRegisterLoginButton()
  ✔ And Enter name "hello", email address "r1h6l01@gmail.com"                                          # stepDefenition.NewDeleteUserStepDef.enterNameEmailAddress(java.lang.String,java.lang.String)
  ✔ And click Signup button                                                                            # stepDefenition.NewDeleteUserStepDef.clickSignupButton()
  ✔ And Enter the details in the Signup form from given sheetname "RegistrationDetail" and rownumber 1 # stepDefenition.NewDeleteUserStepDef.enterTheDetailsInTheSignupFormAndClickCreateAccountButton(java.lang.String,int)
Account Created Visible
  ✔ And Verify ACCOUNT CREATED is visible and click Continue button                                    # stepDefenition.NewDeleteUserStepDef.verifyACCOUNTCREATEDIsVisibleAndClickContinueButton()
Username match: hello
  ✔ And Verify Login in as "hello" is visible                                                          # stepDefenition.NewDeleteUserStepDef.verifyLoginInAsUsernameIsVisible(java.lang.String)
  ✔ And Click Cart button from login page                                                              # stepDefenition.NewDeleteUserStepDef.clickCartButtonFromLoginPage()
  ✔ And Click Proceed To Checkout                                                                      # stepDefenition.NewDeleteUserStepDef.clickProceedToCheckout()
Delivery address section found.
Delivery Address:
YOUR DELIVERY ADDRESS
Mr. Hi How
Gmail
Flat1
2nd Floor
CBE TN 123456
India
1234567890
Billing address section found.
Billing Address:
YOUR BILLING ADDRESS
Mr. Hi How
Gmail
Flat1
2nd Floor
CBE TN 123456
India
1234567890
📦 Order Items:
💰 Total Amount: Rs. 500
Address details and Order details are verified.
  ✔ And Verify Address Details and Review Your Order                                                   # stepDefenition.NewDeleteUserStepDef.verifyAddressDetailsAndReviewYourOrder()
  ✔ And Enter description in "Deliver it soon" text area and click Place Order                         # stepDefenition.NewDeleteUserStepDef.enterDescriptionInCommentTextAreaAndClickPlaceOrder(java.lang.String)
  ✔ And Enter payment details from given Excel Sheet "CardDetails" and rowNumber 1                     # stepDefenition.NewDeleteUserStepDef.enterPaymentDetailsFromGivenExcelSheetAndRowNumber(java.lang.String,int)
  ✔ And Click Pay and Confirm Order button                                                             # stepDefenition.NewDeleteUserStepDef.clickPayAndConfirmOrderButton()
Order placed message verified successfully!
  ✔ And Verify success message "Congratulations! Your order has been confirmed!"                       # stepDefenition.NewDeleteUserStepDef.verifySuccessMessageYourOrderHasBeenPlacedSuccessfully(java.lang.String)
  ✔ And Click Delete Account button                                                                    # stepDefenition.NewDeleteUserStepDef.clickDeleteAccountButton()
Account deleted! is displayed
  ✔ Then Verify that Account Deleted is visible and click continue                                     # stepDefenition.NewDeleteUserStepDef.verify_that_account_deleted_is_visible_and_click_continue()
Browser closed after scenario
]]></system-out>
    <system-err><![CDATA[Nov 12, 2025 12:39:17 AM org.openqa.selenium.devtools.CdpVersionFinder findNearestMatch
WARNING: Unable to find an exact match for CDP version 142, returning the closest version; found: 140; Please update to a Selenium version that supports CDP version 142
]]></system-err>
  </testcase>
  <testcase name="runScenario[&quot;Place Order Register while Checkout&quot;, &quot;Create, Verify and Delete the created account&quot;](16)" classname="runner.TestRunner" time="16.299">
    <system-out><![CDATA[
@registrationAndDelete @checkoutRegistration
Scenario Outline: Place Order Register while Checkout                                                  # file:///Users/rahulbalashanmugam/eclipse-workspace/Learning/Hybrid-Test-Case-2-Register-User/src/test/java/features/registrationanddelete.feature:58
Browser launched before scenario
Automation Exercise
  ✔ Given Add products to cart                                                                         # stepDefenition.NewDeleteUserStepDef.addProductsToCart()
  ✔ When Click cart button                                                                             # stepDefenition.NewDeleteUserStepDef.clickCartButton()
Cart page url is verified: https://www.automationexercise.com/view_cart
  ✔ And Verify that cart page is displayed                                                             # stepDefenition.NewDeleteUserStepDef.verifyThatCartPageIsDisplayed()
  ✔ And Click Proceed To Checkout                                                                      # stepDefenition.NewDeleteUserStepDef.clickProceedToCheckout()
  ✔ And Click RegisterLogin button                                                                     # stepDefenition.NewDeleteUserStepDef.clickRegisterLoginButton()
  ✔ And Enter name "Hi", email address "r1h6l02@gmail.com"                                             # stepDefenition.NewDeleteUserStepDef.enterNameEmailAddress(java.lang.String,java.lang.String)
  ✔ And click Signup button                                                                            # stepDefenition.NewDeleteUserStepDef.clickSignupButton()
  ✔ And Enter the details in the Signup form from given sheetname "RegistrationDetail" and rownumber 2 # stepDefenition.NewDeleteUserStepDef.enterTheDetailsInTheSignupFormAndClickCreateAccountButton(java.lang.String,int)
Account Created Visible
  ✔ And Verify ACCOUNT CREATED is visible and click Continue button                                    # stepDefenition.NewDeleteUserStepDef.verifyACCOUNTCREATEDIsVisibleAndClickContinueButton()
Username match: Hi
  ✔ And Verify Login in as "Hi" is visible                                                             # stepDefenition.NewDeleteUserStepDef.verifyLoginInAsUsernameIsVisible(java.lang.String)
  ✔ And Click Cart button from login page                                                              # stepDefenition.NewDeleteUserStepDef.clickCartButtonFromLoginPage()
  ✔ And Click Proceed To Checkout                                                                      # stepDefenition.NewDeleteUserStepDef.clickProceedToCheckout()
Delivery address section found.
Delivery Address:
YOUR DELIVERY ADDRESS
Mr. How are
hotmail
1 Flat
Floor 2nd
WTN Dc 654321
United States
987654321
Billing address section found.
Billing Address:
YOUR BILLING ADDRESS
Mr. How are
hotmail
1 Flat
Floor 2nd
WTN Dc 654321
United States
987654321
📦 Order Items:
💰 Total Amount: Rs. 500
Address details and Order details are verified.
  ✔ And Verify Address Details and Review Your Order                                                   # stepDefenition.NewDeleteUserStepDef.verifyAddressDetailsAndReviewYourOrder()
  ✔ And Enter description in "deliver it soon" text area and click Place Order                         # stepDefenition.NewDeleteUserStepDef.enterDescriptionInCommentTextAreaAndClickPlaceOrder(java.lang.String)
  ✔ And Enter payment details from given Excel Sheet "CardDetails" and rowNumber 2                     # stepDefenition.NewDeleteUserStepDef.enterPaymentDetailsFromGivenExcelSheetAndRowNumber(java.lang.String,int)
  ✔ And Click Pay and Confirm Order button                                                             # stepDefenition.NewDeleteUserStepDef.clickPayAndConfirmOrderButton()
Order placed message verified successfully!
  ✔ And Verify success message "Congratulations! Your order has been confirmed!"                       # stepDefenition.NewDeleteUserStepDef.verifySuccessMessageYourOrderHasBeenPlacedSuccessfully(java.lang.String)
  ✔ And Click Delete Account button                                                                    # stepDefenition.NewDeleteUserStepDef.clickDeleteAccountButton()
Account deleted! is displayed
  ✔ Then Verify that Account Deleted is visible and click continue                                     # stepDefenition.NewDeleteUserStepDef.verify_that_account_deleted_is_visible_and_click_continue()
Browser closed after scenario
]]></system-out>
    <system-err><![CDATA[Nov 12, 2025 12:39:34 AM org.openqa.selenium.devtools.CdpVersionFinder findNearestMatch
WARNING: Unable to find an exact match for CDP version 142, returning the closest version; found: 140; Please update to a Selenium version that supports CDP version 142
]]></system-err>
  </testcase>
</testsuite>