<?xml version="1.0" encoding="UTF-8"?>
<!-- Generated by org.testng.reporters.JUnitReportReporter -->
<testsuite hostname="Rahuls-MacBook-Pro.local" failures="0" tests="16" name="runner.TestRunner" time="155.066" errors="1" timestamp="2025-11-12T00:39:50 GMT" skipped="0">
  <testcase classname="runner.TestRunner" name="runScenario" time="17.625"/>
  <testcase classname="runner.TestRunner" name="runScenario" time="5.540"/>
  <testcase classname="runner.TestRunner" name="runScenario" time="6.651"/>
  <testcase classname="runner.TestRunner" name="runScenario" time="8.368"/>
  <testcase classname="runner.TestRunner" name="runScenario" time="10.172"/>
  <testcase classname="runner.TestRunner" name="runScenario" time="16.299"/>
  <testcase classname="runner.TestRunner" name="runScenario" time="6.324"/>
  <testcase classname="runner.TestRunner" name="runScenario" time="8.596">
    <error message="element click intercepted: Element &lt;a data-product-id=&quot;1&quot; class=&quot;btn btn-default add-to-cart&quot;&gt;...&lt;/a&gt; is not clickable at point (385, 16). Other element would receive the click: &lt;a data-product-id=&quot;1&quot; class=&quot;btn btn-default add-to-cart&quot;&gt;...&lt;/a&gt;
  (Session info: chrome=142.0.7444.135)
Build info: version: &#039;4.36.0&#039;, revision: &#039;6d115cfd87&#039;
System info: os.name: &#039;Mac OS X&#039;, os.arch: &#039;aarch64&#039;, os.version: &#039;26.1&#039;, java.version: &#039;23.0.2&#039;
Driver info: org.openqa.selenium.chrome.ChromeDriver
Command: [448a534620cbf4f248273034af45c33d, clickElement {id=f.FE0B6CD63EDBEED1E844EABB28A6FF35.d.31AC7DB7D957E3DAE94B110B73E262DA.e.321}]
Capabilities {acceptInsecureCerts: false, browserName: chrome, browserVersion: 142.0.7444.135, chrome: {chromedriverVersion: 142.0.7444.162 (c076baf266c..., userDataDir: /var/folders/fq/g0kvv0p944x...}, fedcm:accounts: true, goog:chromeOptions: {debuggerAddress: localhost:51278}, goog:processID: 73582, networkConnectionEnabled: false, pageLoadStrategy: normal, platformName: mac, proxy: Proxy(), se:cdp: ws://localhost:51278/devtoo..., se:cdpVersion: 142.0.7444.135, setWindowRect: true, strictFileInteractability: false, timeouts: {implicit: 0, pageLoad: 300000, script: 30000}, unhandledPromptBehavior: dismiss and notify, webauthn:extension:credBlob: true, webauthn:extension:largeBlob: true, webauthn:extension:minPinLength: true, webauthn:extension:prf: true, webauthn:virtualAuthenticators: true}
Element: [[ChromeDriver: chrome on mac (448a534620cbf4f248273034af45c33d)] -&gt; link text: Add to cart]
Session ID: 448a534620cbf4f248273034af45c33d" type="org.openqa.selenium.ElementClickInterceptedException">
      <![CDATA[org.openqa.selenium.ElementClickInterceptedException: element click intercepted: Element <a data-product-id="1" class="btn btn-default add-to-cart">...</a> is not clickable at point (385, 16). Other element would receive the click: <a data-product-id="1" class="btn btn-default add-to-cart">...</a>
  (Session info: chrome=142.0.7444.135)
Build info: version: '4.36.0', revision: '6d115cfd87'
System info: os.name: 'Mac OS X', os.arch: 'aarch64', os.version: '26.1', java.version: '23.0.2'
Driver info: org.openqa.selenium.chrome.ChromeDriver
Command: [448a534620cbf4f248273034af45c33d, clickElement {id=f.FE0B6CD63EDBEED1E844EABB28A6FF35.d.31AC7DB7D957E3DAE94B110B73E262DA.e.321}]
Capabilities {acceptInsecureCerts: false, browserName: chrome, browserVersion: 142.0.7444.135, chrome: {chromedriverVersion: 142.0.7444.162 (c076baf266c..., userDataDir: /var/folders/fq/g0kvv0p944x...}, fedcm:accounts: true, goog:chromeOptions: {debuggerAddress: localhost:51278}, goog:processID: 73582, networkConnectionEnabled: false, pageLoadStrategy: normal, platformName: mac, proxy: Proxy(), se:cdp: ws://localhost:51278/devtoo..., se:cdpVersion: 142.0.7444.135, setWindowRect: true, strictFileInteractability: false, timeouts: {implicit: 0, pageLoad: 300000, script: 30000}, unhandledPromptBehavior: dismiss and notify, webauthn:extension:credBlob: true, webauthn:extension:largeBlob: true, webauthn:extension:minPinLength: true, webauthn:extension:prf: true, webauthn:virtualAuthenticators: true}
Element: [[ChromeDriver: chrome on mac (448a534620cbf4f248273034af45c33d)] -> link text: Add to cart]
Session ID: 448a534620cbf4f248273034af45c33d
at java.base/jdk.internal.reflect.DirectConstructorHandleAccessor.newInstance(DirectConstructorHandleAccessor.java:62)
at java.base/java.lang.reflect.Constructor.newInstanceWithCaller(Constructor.java:501)
at java.base/java.lang.reflect.Constructor.newInstance(Constructor.java:485)
at org.openqa.selenium.remote.ErrorCodec.decode(ErrorCodec.java:167)
at org.openqa.selenium.remote.codec.w3c.W3CHttpResponseCodec.decode(W3CHttpResponseCodec.java:138)
at org.openqa.selenium.remote.codec.w3c.W3CHttpResponseCodec.decode(W3CHttpResponseCodec.java:50)
at org.openqa.selenium.remote.HttpCommandExecutor.execute(HttpCommandExecutor.java:215)
at org.openqa.selenium.remote.service.DriverCommandExecutor.invokeExecute(DriverCommandExecutor.java:216)
at org.openqa.selenium.remote.service.DriverCommandExecutor.execute(DriverCommandExecutor.java:174)
at org.openqa.selenium.remote.RemoteWebDriver.execute(RemoteWebDriver.java:557)
at org.openqa.selenium.remote.RemoteWebElement.execute(RemoteWebElement.java:223)
at org.openqa.selenium.remote.RemoteWebElement.click(RemoteWebElement.java:76)
at flows.CartFlow.hoverOverFirstProductAddToCart(CartFlow.java:75)
at stepDefenition.CartStepDef.hoverOverFirstProductAndClickAddToCart(CartStepDef.java:51)
at âœ½.Hover over first product and click add to cart(file:///Users/rahulbalashanmugam/eclipse-workspace/Learning/Hybrid-Test-Case-2-Register-User/src/test/java/features/cart.feature:19)
]]>
    </error>
  </testcase> <!-- runScenario -->
  <testcase classname="runner.TestRunner" name="runScenario" time="6.018"/>
  <testcase classname="runner.TestRunner" name="runScenario" time="7.556"/>
  <testcase classname="runner.TestRunner" name="runScenario" time="15.515"/>
  <testcase classname="runner.TestRunner" name="runScenario" time="6.650"/>
  <testcase classname="runner.TestRunner" name="runScenario" time="5.832"/>
  <testcase classname="runner.TestRunner" name="runScenario" time="5.993"/>
  <testcase classname="runner.TestRunner" name="runScenario" time="16.693"/>
  <testcase classname="runner.TestRunner" name="runScenario" time="11.234"/>
</testsuite> <!-- runner.TestRunner -->
